[ 2017-01-04T13:41:20+08:00 ] 0.0.0.0 /Blog/admin.php
INFO: [ app_begin ] --START--
INFO: Run ReadHtmlCache Behavior [ RunTime:0.001000s ]
INFO: [ app_begin ] --END-- [ RunTime:0.001000s ]
INFO: [ view_parse ] --START--
INFO: Run ParseTemplate Behavior [ RunTime:0.016001s ]
INFO: [ view_parse ] --END-- [ RunTime:0.016001s ]
INFO: [ view_filter ] --START--
INFO: Run ContentReplace Behavior [ RunTime:0.001000s ]
INFO: Run TokenBuild Behavior [ RunTime:0.001000s ]
INFO: Run WriteHtmlCache Behavior [ RunTime:0.000000s ]
INFO: Run ShowRuntime Behavior [ RunTime:0.001000s ]
INFO: [ view_filter ] --END-- [ RunTime:0.003000s ]
INFO: [ view_end ] --START--
INFO: Run ShowPageTrace Behavior [ RunTime:0.001000s ]
INFO: [ view_end ] --END-- [ RunTime:0.001000s ]

[ 2017-01-04T13:47:17+08:00 ] ERR: (ThinkException) php_network_getaddresses: getaddrinfo failed: ²»ÖªµÀÕâÑùµÄÖ÷»ú¡£ 
[ 2017-01-04T13:47:17+08:00 ] ERR: (ThinkException) æ— æ³•åŠ è½½æ¨¡å—:Login
[ 2017-01-04T13:49:00+08:00 ] ERR: (ThinkException) php_network_getaddresses: getaddrinfo failed: ²»ÖªµÀÕâÑùµÄÖ÷»ú¡£ 
[ 2017-01-04T13:49:24+08:00 ] ERR: (ThinkException) php_network_getaddresses: getaddrinfo failed: ²»ÖªµÀÕâÑùµÄÖ÷»ú¡£ 
[ 2017-01-04T19:41:12+08:00 ] ERR: (ThinkException) Model:relationæ‚¨æ‰€è¯·æ±‚çš„æ–¹æ³•ä¸å­˜åœ¨ï¼
[ 2017-01-04T19:41:21+08:00 ] ERR: (ThinkException) Model:relationæ‚¨æ‰€è¯·æ±‚çš„æ–¹æ³•ä¸å­˜åœ¨ï¼
[ 2017-01-04T19:42:26+08:00 ] ERR: (ThinkException) Model:relationæ‚¨æ‰€è¯·æ±‚çš„æ–¹æ³•ä¸å­˜åœ¨ï¼
