[ 2017-02-15T18:09:41+08:00 ] 0.0.0.0 /Blog/admin.php/Index/doshowsinglecmt?ID=0.5133729663102339bb
INFO: [ app_begin ] --START--
INFO: Run ReadHtmlCache Behavior [ RunTime:0.001000s ]
INFO: [ app_begin ] --END-- [ RunTime:0.001000s ]
SQL: SHOW COLUMNS FROM `comment` [ RunTime:0.004000s ]
SQL: UPDATE `comment` SET `show`=1,`isnew`=0 WHERE ( id=157 ) [ RunTime:0.012001s ]

[ 2017-02-15T18:10:25+08:00 ] 0.0.0.0 /Blog/admin.php/Index/doreg?username=
INFO: [ app_begin ] --START--
INFO: Run ReadHtmlCache Behavior [ RunTime:0.001000s ]
INFO: [ app_begin ] --END-- [ RunTime:0.001000s ]
SQL: SHOW COLUMNS FROM `user` [ RunTime:0.004000s ]
SQL: SELECT COUNT(*) AS tp_count FROM `user` WHERE ( `username` = '' ) LIMIT 1   [ RunTime:0.001000s ]

[ 2017-02-15T18:10:26+08:00 ] 0.0.0.0 /Blog/admin.php/Index/doreg?username=
INFO: [ app_begin ] --START--
INFO: Run ReadHtmlCache Behavior [ RunTime:0.001001s ]
INFO: [ app_begin ] --END-- [ RunTime:0.001001s ]
SQL: SHOW COLUMNS FROM `user` [ RunTime:0.011000s ]
SQL: SELECT COUNT(*) AS tp_count FROM `user` WHERE ( `username` = '' ) LIMIT 1   [ RunTime:0.000000s ]

[ 2017-02-15T18:13:04+08:00 ] 0.0.0.0 /Blog/admin.php/Index/doreg?username=
INFO: [ app_begin ] --START--
INFO: Run ReadHtmlCache Behavior [ RunTime:0.001000s ]
INFO: [ app_begin ] --END-- [ RunTime:0.001000s ]
SQL: SHOW COLUMNS FROM `user` [ RunTime:0.012000s ]
SQL: SELECT COUNT(*) AS tp_count FROM `user` WHERE ( `username` = '' ) LIMIT 1   [ RunTime:0.001000s ]

