[ 2017-01-05T19:02:26+08:00 ] ERR: (ThinkException) 非法操作:doisshowcmt
[ 2017-01-05T19:02:29+08:00 ] ERR: (ThinkException) 非法操作:doisshowcmt
[ 2017-01-05T19:02:33+08:00 ] ERR: (ThinkException) 非法操作:doisshowcmt
[ 2017-01-05T19:02:53+08:00 ] ERR: (ThinkException) 非法操作:doisshowcmt
[ 2017-01-05T19:17:17+08:00 ] ERR: (ThinkException) 非法操作:doisshowcmt
[ 2017-01-05T19:17:27+08:00 ] ERR: (ThinkException) 非法操作:doisshowcmt
[ 2017-01-05T19:18:42+08:00 ] ERR: (ThinkException) 非法操作:doisshowcmt
[ 2017-01-05T19:18:44+08:00 ] ERR: (ThinkException) 非法操作:doisshowcmt
[ 2017-01-05T19:18:44+08:00 ] ERR: (ThinkException) 非法操作:doisshowcmt
[ 2017-01-05T19:18:44+08:00 ] ERR: (ThinkException) 非法操作:doisshowcmt
[ 2017-01-05T19:18:45+08:00 ] ERR: (ThinkException) 非法操作:doisshowcmt
[ 2017-01-05T19:18:46+08:00 ] ERR: (ThinkException) 非法操作:doisshowcmt
[ 2017-01-05T19:19:17+08:00 ] ERR: (ThinkException) 非法操作:doisshowcmt
[ 2017-01-05T19:19:37+08:00 ] ERR: (ThinkException) 非法操作:doisshowcmt
[ 2017-01-05T19:19:39+08:00 ] ERR: (ThinkException) 非法操作:doisshowcmt
[ 2017-01-05T19:19:42+08:00 ] ERR: (ThinkException) 非法操作:doisshowcmt
[ 2017-01-05T19:21:34+08:00 ] 0.0.0.0 /Blog/admin.php/Index/doshowsinglecmt?id=136
INFO: [ app_begin ] --START--
INFO: Run ReadHtmlCache Behavior [ RunTime:0.001000s ]
INFO: [ app_begin ] --END-- [ RunTime:0.001000s ]
SQL: SHOW COLUMNS FROM `comment` [ RunTime:0.004001s ]
SQL: UPDATE `comment` SET `show`=1 WHERE ( id=136 ) [ RunTime:0.242014s ]

[ 2017-01-05T19:22:03+08:00 ] 0.0.0.0 /Blog/admin.php/Index/doshowsinglecmt?id=135
INFO: [ app_begin ] --START--
INFO: Run ReadHtmlCache Behavior [ RunTime:0.001001s ]
INFO: [ app_begin ] --END-- [ RunTime:0.001001s ]
SQL: SHOW COLUMNS FROM `comment` [ RunTime:0.005000s ]
SQL: UPDATE `comment` SET `show`=1 WHERE ( id=135 ) [ RunTime:0.000000s ]

[ 2017-01-05T19:22:05+08:00 ] 0.0.0.0 /Blog/admin.php/Index/doshowsinglecmt?id=133
INFO: [ app_begin ] --START--
INFO: Run ReadHtmlCache Behavior [ RunTime:0.001000s ]
INFO: [ app_begin ] --END-- [ RunTime:0.001000s ]
SQL: SHOW COLUMNS FROM `comment` [ RunTime:0.032002s ]
SQL: UPDATE `comment` SET `show`=1 WHERE ( id=133 ) [ RunTime:0.001000s ]

[ 2017-01-05T19:23:29+08:00 ] 0.0.0.0 /Blog/admin.php/Index/doshowsinglecmt?id=136
INFO: [ app_begin ] --START--
INFO: Run ReadHtmlCache Behavior [ RunTime:0.001000s ]
INFO: [ app_begin ] --END-- [ RunTime:0.001000s ]
SQL: SHOW COLUMNS FROM `comment` [ RunTime:0.004000s ]
SQL: UPDATE `comment` SET `show`=1 WHERE ( id=136 ) [ RunTime:0.000000s ]

[ 2017-01-05T19:24:00+08:00 ] 0.0.0.0 /Blog/admin.php/Index/doshowsinglecmt?id=136
INFO: [ app_begin ] --START--
INFO: Run ReadHtmlCache Behavior [ RunTime:0.000000s ]
INFO: [ app_begin ] --END-- [ RunTime:0.000000s ]
SQL: SHOW COLUMNS FROM `comment` [ RunTime:0.004000s ]
SQL: UPDATE `comment` SET `show`=1 WHERE ( id=136 ) [ RunTime:0.001000s ]

[ 2017-01-05T19:24:10+08:00 ] 0.0.0.0 /Blog/admin.php/Index/doshowsinglecmt?id=136
INFO: [ app_begin ] --START--
INFO: Run ReadHtmlCache Behavior [ RunTime:0.001000s ]
INFO: [ app_begin ] --END-- [ RunTime:0.001000s ]
SQL: SHOW COLUMNS FROM `comment` [ RunTime:0.004000s ]
SQL: UPDATE `comment` SET `show`=1 WHERE ( id=136 ) [ RunTime:0.001000s ]

[ 2017-01-05T19:25:51+08:00 ] 0.0.0.0 /Blog/admin.php/Index/doshowsinglecmt?id=136
INFO: [ app_begin ] --START--
INFO: Run ReadHtmlCache Behavior [ RunTime:0.000000s ]
INFO: [ app_begin ] --END-- [ RunTime:0.000000s ]
SQL: SHOW COLUMNS FROM `comment` [ RunTime:0.005000s ]
SQL: UPDATE `comment` SET `show`=1 WHERE ( id=136 ) [ RunTime:0.000000s ]

[ 2017-01-05T19:25:54+08:00 ] 0.0.0.0 /Blog/admin.php/Index/doshowsinglecmt?id=136
INFO: [ app_begin ] --START--
INFO: Run ReadHtmlCache Behavior [ RunTime:0.000000s ]
INFO: [ app_begin ] --END-- [ RunTime:0.000000s ]
SQL: SHOW COLUMNS FROM `comment` [ RunTime:0.006001s ]
SQL: UPDATE `comment` SET `show`=1 WHERE ( id=136 ) [ RunTime:0.001000s ]

[ 2017-01-05T19:25:58+08:00 ] 0.0.0.0 /Blog/admin.php/Index/doshowsinglecmt?id=136
INFO: [ app_begin ] --START--
INFO: Run ReadHtmlCache Behavior [ RunTime:0.001000s ]
INFO: [ app_begin ] --END-- [ RunTime:0.001000s ]
SQL: SHOW COLUMNS FROM `comment` [ RunTime:0.006001s ]
SQL: UPDATE `comment` SET `show`=1 WHERE ( id=136 ) [ RunTime:0.000000s ]

[ 2017-01-05T19:26:00+08:00 ] 0.0.0.0 /Blog/admin.php/Index/doshowsinglecmt?id=136
INFO: [ app_begin ] --START--
INFO: Run ReadHtmlCache Behavior [ RunTime:0.001000s ]
INFO: [ app_begin ] --END-- [ RunTime:0.001000s ]
SQL: SHOW COLUMNS FROM `comment` [ RunTime:0.005001s ]
SQL: UPDATE `comment` SET `show`=1 WHERE ( id=136 ) [ RunTime:0.000000s ]

[ 2017-01-05T19:26:01+08:00 ] 0.0.0.0 /Blog/admin.php/Index/doshowsinglecmt?id=136
INFO: [ app_begin ] --START--
INFO: Run ReadHtmlCache Behavior [ RunTime:0.001000s ]
INFO: [ app_begin ] --END-- [ RunTime:0.001000s ]
SQL: SHOW COLUMNS FROM `comment` [ RunTime:0.017001s ]
SQL: UPDATE `comment` SET `show`=1 WHERE ( id=136 ) [ RunTime:0.001001s ]

[ 2017-01-05T19:26:02+08:00 ] 0.0.0.0 /Blog/admin.php/Index/doshowsinglecmt?id=136
INFO: [ app_begin ] --START--
INFO: Run ReadHtmlCache Behavior [ RunTime:0.001000s ]
INFO: [ app_begin ] --END-- [ RunTime:0.001000s ]
SQL: SHOW COLUMNS FROM `comment` [ RunTime:0.004000s ]
SQL: UPDATE `comment` SET `show`=1 WHERE ( id=136 ) [ RunTime:0.000000s ]

[ 2017-01-05T19:27:34+08:00 ] 0.0.0.0 /Blog/admin.php/Index/doshowsinglecmt?id=136
INFO: [ app_begin ] --START--
INFO: Run ReadHtmlCache Behavior [ RunTime:0.001000s ]
INFO: [ app_begin ] --END-- [ RunTime:0.001000s ]
SQL: SHOW COLUMNS FROM `comment` [ RunTime:0.004001s ]
SQL: UPDATE `comment` SET `show`=1 WHERE ( id=136 ) [ RunTime:0.000000s ]

[ 2017-01-05T19:27:38+08:00 ] 0.0.0.0 /Blog/admin.php/Index/doshowsinglecmt?id=136
INFO: [ app_begin ] --START--
INFO: Run ReadHtmlCache Behavior [ RunTime:0.000000s ]
INFO: [ app_begin ] --END-- [ RunTime:0.001000s ]
SQL: SHOW COLUMNS FROM `comment` [ RunTime:0.005000s ]
SQL: UPDATE `comment` SET `show`=1 WHERE ( id=136 ) [ RunTime:0.001001s ]

[ 2017-01-05T19:27:39+08:00 ] 0.0.0.0 /Blog/admin.php/Index/doshowsinglecmt?id=136
INFO: [ app_begin ] --START--
INFO: Run ReadHtmlCache Behavior [ RunTime:0.001000s ]
INFO: [ app_begin ] --END-- [ RunTime:0.001000s ]
SQL: SHOW COLUMNS FROM `comment` [ RunTime:0.004000s ]
SQL: UPDATE `comment` SET `show`=1 WHERE ( id=136 ) [ RunTime:0.001000s ]

[ 2017-01-05T19:27:40+08:00 ] 0.0.0.0 /Blog/admin.php/Index/doshowsinglecmt?id=136
INFO: [ app_begin ] --START--
INFO: Run ReadHtmlCache Behavior [ RunTime:0.001000s ]
INFO: [ app_begin ] --END-- [ RunTime:0.001000s ]
SQL: SHOW COLUMNS FROM `comment` [ RunTime:0.007001s ]
SQL: UPDATE `comment` SET `show`=1 WHERE ( id=136 ) [ RunTime:0.001000s ]

[ 2017-01-05T19:27:41+08:00 ] 0.0.0.0 /Blog/admin.php/Index/doshowsinglecmt?id=136
INFO: [ app_begin ] --START--
INFO: Run ReadHtmlCache Behavior [ RunTime:0.001001s ]
INFO: [ app_begin ] --END-- [ RunTime:0.001001s ]
SQL: SHOW COLUMNS FROM `comment` [ RunTime:0.005001s ]
SQL: UPDATE `comment` SET `show`=1 WHERE ( id=136 ) [ RunTime:0.000000s ]

[ 2017-01-05T19:28:14+08:00 ] 0.0.0.0 /Blog/admin.php/Index/doshowsinglecmt?id=136
INFO: [ app_begin ] --START--
INFO: Run ReadHtmlCache Behavior [ RunTime:0.000000s ]
INFO: [ app_begin ] --END-- [ RunTime:0.000000s ]
SQL: SHOW COLUMNS FROM `comment` [ RunTime:0.008001s ]
SQL: UPDATE `comment` SET `show`=1 WHERE ( id=136 ) [ RunTime:0.002000s ]

[ 2017-01-05T19:28:26+08:00 ] 0.0.0.0 /Blog/admin.php/Index/doshowsinglecmt?id=132
INFO: [ app_begin ] --START--
INFO: Run ReadHtmlCache Behavior [ RunTime:0.001000s ]
INFO: [ app_begin ] --END-- [ RunTime:0.001000s ]
SQL: SHOW COLUMNS FROM `comment` [ RunTime:0.004000s ]
SQL: UPDATE `comment` SET `show`=1 WHERE ( id=132 ) [ RunTime:0.001000s ]

[ 2017-01-05T19:29:35+08:00 ] 0.0.0.0 /Blog/admin.php/Index/doshowsinglecmt?id=136
INFO: [ app_begin ] --START--
INFO: Run ReadHtmlCache Behavior [ RunTime:0.001000s ]
INFO: [ app_begin ] --END-- [ RunTime:0.001000s ]
SQL: SHOW COLUMNS FROM `comment` [ RunTime:0.004001s ]
SQL: UPDATE `comment` SET `show`=1 WHERE ( id=136 ) [ RunTime:0.001000s ]

[ 2017-01-05T19:30:50+08:00 ] 0.0.0.0 /Blog/admin.php/Index/doshowsinglecmt?id=136
INFO: [ app_begin ] --START--
INFO: Run ReadHtmlCache Behavior [ RunTime:0.001000s ]
INFO: [ app_begin ] --END-- [ RunTime:0.001000s ]
SQL: SHOW COLUMNS FROM `comment` [ RunTime:0.005001s ]
SQL: UPDATE `comment` SET `show`=1 WHERE ( id=136 ) [ RunTime:0.001000s ]

[ 2017-01-05T19:30:51+08:00 ] 0.0.0.0 /Blog/admin.php/Index/doshowsinglecmt?id=136
INFO: [ app_begin ] --START--
INFO: Run ReadHtmlCache Behavior [ RunTime:0.001000s ]
INFO: [ app_begin ] --END-- [ RunTime:0.001000s ]
SQL: SHOW COLUMNS FROM `comment` [ RunTime:0.005000s ]
SQL: UPDATE `comment` SET `show`=1 WHERE ( id=136 ) [ RunTime:0.000000s ]

[ 2017-01-05T19:30:52+08:00 ] 0.0.0.0 /Blog/admin.php/Index/doshowsinglecmt?id=136
INFO: [ app_begin ] --START--
INFO: Run ReadHtmlCache Behavior [ RunTime:0.000000s ]
INFO: [ app_begin ] --END-- [ RunTime:0.000000s ]
SQL: SHOW COLUMNS FROM `comment` [ RunTime:0.004000s ]
SQL: UPDATE `comment` SET `show`=1 WHERE ( id=136 ) [ RunTime:0.001000s ]

[ 2017-01-05T19:32:08+08:00 ] 0.0.0.0 /Blog/admin.php/Index/doshowsinglecmt?id=136
INFO: [ app_begin ] --START--
INFO: Run ReadHtmlCache Behavior [ RunTime:0.001000s ]
INFO: [ app_begin ] --END-- [ RunTime:0.001000s ]
SQL: SHOW COLUMNS FROM `comment` [ RunTime:0.005001s ]
SQL: UPDATE `comment` SET `show`=1 WHERE ( id=136 ) [ RunTime:0.000000s ]

[ 2017-01-05T19:32:09+08:00 ] 0.0.0.0 /Blog/admin.php/Index/doshowsinglecmt?id=136
INFO: [ app_begin ] --START--
INFO: Run ReadHtmlCache Behavior [ RunTime:0.001001s ]
INFO: [ app_begin ] --END-- [ RunTime:0.001001s ]
SQL: SHOW COLUMNS FROM `comment` [ RunTime:0.004000s ]
SQL: UPDATE `comment` SET `show`=1 WHERE ( id=136 ) [ RunTime:0.000000s ]

[ 2017-01-05T19:32:11+08:00 ] 0.0.0.0 /Blog/admin.php/Index/doshowsinglecmt?id=133
INFO: [ app_begin ] --START--
INFO: Run ReadHtmlCache Behavior [ RunTime:0.001000s ]
INFO: [ app_begin ] --END-- [ RunTime:0.001000s ]
SQL: SHOW COLUMNS FROM `comment` [ RunTime:0.004000s ]
SQL: UPDATE `comment` SET `show`=1 WHERE ( id=133 ) [ RunTime:0.000000s ]

[ 2017-01-05T19:32:12+08:00 ] 0.0.0.0 /Blog/admin.php/Index/doshowsinglecmt?id=133
INFO: [ app_begin ] --START--
INFO: Run ReadHtmlCache Behavior [ RunTime:0.000000s ]
INFO: [ app_begin ] --END-- [ RunTime:0.001000s ]
SQL: SHOW COLUMNS FROM `comment` [ RunTime:0.005000s ]
SQL: UPDATE `comment` SET `show`=1 WHERE ( id=133 ) [ RunTime:0.001000s ]

[ 2017-01-05T19:32:13+08:00 ] 0.0.0.0 /Blog/admin.php/Index/doshowsinglecmt?id=133
INFO: [ app_begin ] --START--
INFO: Run ReadHtmlCache Behavior [ RunTime:0.000000s ]
INFO: [ app_begin ] --END-- [ RunTime:0.001000s ]
SQL: SHOW COLUMNS FROM `comment` [ RunTime:0.005000s ]
SQL: UPDATE `comment` SET `show`=1 WHERE ( id=133 ) [ RunTime:0.001000s ]

[ 2017-01-05T19:33:12+08:00 ] 0.0.0.0 /Blog/admin.php/Index/doshowsinglecmt?id=133
INFO: [ app_begin ] --START--
INFO: Run ReadHtmlCache Behavior [ RunTime:0.001000s ]
INFO: [ app_begin ] --END-- [ RunTime:0.001000s ]
SQL: SHOW COLUMNS FROM `comment` [ RunTime:0.004001s ]
SQL: UPDATE `comment` SET `show`=1 WHERE ( id=133 ) [ RunTime:0.000000s ]

[ 2017-01-05T19:33:13+08:00 ] 0.0.0.0 /Blog/admin.php/Index/doshowsinglecmt?id=134
INFO: [ app_begin ] --START--
INFO: Run ReadHtmlCache Behavior [ RunTime:0.001000s ]
INFO: [ app_begin ] --END-- [ RunTime:0.001000s ]
SQL: SHOW COLUMNS FROM `comment` [ RunTime:0.004001s ]
SQL: UPDATE `comment` SET `show`=1 WHERE ( id=134 ) [ RunTime:0.001000s ]

[ 2017-01-05T19:33:14+08:00 ] 0.0.0.0 /Blog/admin.php/Index/doshowsinglecmt?id=131
INFO: [ app_begin ] --START--
INFO: Run ReadHtmlCache Behavior [ RunTime:0.001000s ]
INFO: [ app_begin ] --END-- [ RunTime:0.001000s ]
SQL: SHOW COLUMNS FROM `comment` [ RunTime:0.004000s ]
SQL: UPDATE `comment` SET `show`=1 WHERE ( id=131 ) [ RunTime:0.001000s ]

[ 2017-01-05T19:33:15+08:00 ] 0.0.0.0 /Blog/admin.php/Index/doshowsinglecmt?id=132
INFO: [ app_begin ] --START--
INFO: Run ReadHtmlCache Behavior [ RunTime:0.000000s ]
INFO: [ app_begin ] --END-- [ RunTime:0.000000s ]
SQL: SHOW COLUMNS FROM `comment` [ RunTime:0.004001s ]
SQL: UPDATE `comment` SET `show`=1 WHERE ( id=132 ) [ RunTime:0.001000s ]

[ 2017-01-05T19:33:16+08:00 ] 0.0.0.0 /Blog/admin.php/Index/doshowsinglecmt?id=105
INFO: [ app_begin ] --START--
INFO: Run ReadHtmlCache Behavior [ RunTime:0.000000s ]
INFO: [ app_begin ] --END-- [ RunTime:0.000000s ]
SQL: SHOW COLUMNS FROM `comment` [ RunTime:0.004000s ]
SQL: UPDATE `comment` SET `show`=1 WHERE ( id=105 ) [ RunTime:0.001000s ]

[ 2017-01-05T19:33:17+08:00 ] 0.0.0.0 /Blog/admin.php/Index/doshowsinglecmt?id=106
INFO: [ app_begin ] --START--
INFO: Run ReadHtmlCache Behavior [ RunTime:0.001000s ]
INFO: [ app_begin ] --END-- [ RunTime:0.001000s ]
SQL: SHOW COLUMNS FROM `comment` [ RunTime:0.004000s ]
SQL: UPDATE `comment` SET `show`=1 WHERE ( id=106 ) [ RunTime:0.001000s ]

[ 2017-01-05T19:33:18+08:00 ] 0.0.0.0 /Blog/admin.php/Index/doshowsinglecmt?id=106
INFO: [ app_begin ] --START--
INFO: Run ReadHtmlCache Behavior [ RunTime:0.001001s ]
INFO: [ app_begin ] --END-- [ RunTime:0.001001s ]
SQL: SHOW COLUMNS FROM `comment` [ RunTime:0.004000s ]
SQL: UPDATE `comment` SET `show`=1 WHERE ( id=106 ) [ RunTime:0.000000s ]

[ 2017-01-05T19:34:06+08:00 ] 0.0.0.0 /Blog/admin.php/Index/doshowsinglecmt?id=136
INFO: [ app_begin ] --START--
INFO: Run ReadHtmlCache Behavior [ RunTime:0.001000s ]
INFO: [ app_begin ] --END-- [ RunTime:0.001000s ]
SQL: SHOW COLUMNS FROM `comment` [ RunTime:0.004001s ]
SQL: UPDATE `comment` SET `show`=1 WHERE ( id=136 ) [ RunTime:0.001000s ]

[ 2017-01-05T19:43:31+08:00 ] 0.0.0.0 /Blog/admin.php/Index/doshowsinglecmt?id=136&isshow=0
INFO: [ app_begin ] --START--
INFO: Run ReadHtmlCache Behavior [ RunTime:0.000000s ]
INFO: [ app_begin ] --END-- [ RunTime:0.000000s ]
SQL: SHOW COLUMNS FROM `comment` [ RunTime:0.004001s ]
SQL: UPDATE `comment` SET `show`=0,`isnew`=0 WHERE ( id=136 ) [ RunTime:0.001000s ]

[ 2017-01-05T19:44:36+08:00 ] 0.0.0.0 /Blog/admin.php/Index/doshowsinglecmt?id=135&isshow=1
INFO: [ app_begin ] --START--
INFO: Run ReadHtmlCache Behavior [ RunTime:0.001000s ]
INFO: [ app_begin ] --END-- [ RunTime:0.001000s ]
SQL: SHOW COLUMNS FROM `comment` [ RunTime:0.004000s ]
SQL: UPDATE `comment` SET `show`=1,`isnew`=0 WHERE ( id=135 ) [ RunTime:0.001001s ]

[ 2017-01-05T19:46:10+08:00 ] ERR: (ThinkException) 非法操作:showcomment
[ 2017-01-05T21:40:44+08:00 ] 0.0.0.0 /Blog/admin.php/Index/doshowsinglecmt?id=131&isshow=1
INFO: [ app_begin ] --START--
INFO: Run ReadHtmlCache Behavior [ RunTime:0.001000s ]
INFO: [ app_begin ] --END-- [ RunTime:0.001000s ]
SQL: SHOW COLUMNS FROM `comment` [ RunTime:0.005000s ]
SQL: UPDATE `comment` SET `show`=1,`isnew`=0 WHERE ( id=131 ) [ RunTime:0.073004s ]

[ 2017-01-05T21:40:46+08:00 ] 0.0.0.0 /Blog/admin.php/Index/doshowsinglecmt?ID=0.03557689076794024aa.parent().parent()
INFO: [ app_begin ] --START--
INFO: Run ReadHtmlCache Behavior [ RunTime:0.000000s ]
INFO: [ app_begin ] --END-- [ RunTime:0.001001s ]
NOTIC: [8] Undefined index: id D:\WWW\Blog\Admin\Lib\Action\IndexAction.class.php 第 77 行.
SQL: SHOW COLUMNS FROM `comment` [ RunTime:0.004000s ]
NOTIC: [8] Undefined index: isshow D:\WWW\Blog\Admin\Lib\Action\IndexAction.class.php 第 79 行.
SQL: UPDATE `comment` SET `show`=0,`isnew`=0 WHERE ( id= ) [ RunTime:0.000000s ]
ERR: You have an error in your SQL syntax; check the manual that corresponds to your MySQL server version for the right syntax to use near ')' at line 1
 [ SQL语句 ] : UPDATE `comment` SET `show`=0,`isnew`=0 WHERE ( id= )

[ 2017-01-05T21:42:06+08:00 ] 0.0.0.0 /Blog/admin.php/Index/doshowsinglecmt?id=132&isshow=0
INFO: [ app_begin ] --START--
INFO: Run ReadHtmlCache Behavior [ RunTime:0.000000s ]
INFO: [ app_begin ] --END-- [ RunTime:0.000000s ]
SQL: SHOW COLUMNS FROM `comment` [ RunTime:0.004000s ]
SQL: UPDATE `comment` SET `show`=0,`isnew`=0 WHERE ( id=132 ) [ RunTime:0.000000s ]

[ 2017-01-05T21:42:07+08:00 ] 0.0.0.0 /Blog/admin.php/Index/doshowsinglecmt?ID=0.26157683654683717aa.parent().parent()
INFO: [ app_begin ] --START--
INFO: Run ReadHtmlCache Behavior [ RunTime:0.001001s ]
INFO: [ app_begin ] --END-- [ RunTime:0.001001s ]
NOTIC: [8] Undefined index: id D:\WWW\Blog\Admin\Lib\Action\IndexAction.class.php 第 77 行.
SQL: SHOW COLUMNS FROM `comment` [ RunTime:0.017000s ]
NOTIC: [8] Undefined index: isshow D:\WWW\Blog\Admin\Lib\Action\IndexAction.class.php 第 79 行.
SQL: UPDATE `comment` SET `show`=0,`isnew`=0 WHERE ( id= ) [ RunTime:0.000000s ]
ERR: You have an error in your SQL syntax; check the manual that corresponds to your MySQL server version for the right syntax to use near ')' at line 1
 [ SQL语句 ] : UPDATE `comment` SET `show`=0,`isnew`=0 WHERE ( id= )

[ 2017-01-05T21:42:10+08:00 ] 0.0.0.0 /Blog/admin.php/Index/doshowsinglecmt?id=104&isshow=1
INFO: [ app_begin ] --START--
INFO: Run ReadHtmlCache Behavior [ RunTime:0.001000s ]
INFO: [ app_begin ] --END-- [ RunTime:0.001000s ]
SQL: SHOW COLUMNS FROM `comment` [ RunTime:0.006000s ]
SQL: UPDATE `comment` SET `show`=1,`isnew`=0 WHERE ( id=104 ) [ RunTime:0.025002s ]

[ 2017-01-05T21:42:12+08:00 ] 0.0.0.0 /Blog/admin.php/Index/doshowsinglecmt?ID=0.09250730268409035aa.parent().parent()
INFO: [ app_begin ] --START--
INFO: Run ReadHtmlCache Behavior [ RunTime:0.001000s ]
INFO: [ app_begin ] --END-- [ RunTime:0.001000s ]
NOTIC: [8] Undefined index: id D:\WWW\Blog\Admin\Lib\Action\IndexAction.class.php 第 77 行.
SQL: SHOW COLUMNS FROM `comment` [ RunTime:0.005001s ]
NOTIC: [8] Undefined index: isshow D:\WWW\Blog\Admin\Lib\Action\IndexAction.class.php 第 79 行.
SQL: UPDATE `comment` SET `show`=0,`isnew`=0 WHERE ( id= ) [ RunTime:0.000000s ]
ERR: You have an error in your SQL syntax; check the manual that corresponds to your MySQL server version for the right syntax to use near ')' at line 1
 [ SQL语句 ] : UPDATE `comment` SET `show`=0,`isnew`=0 WHERE ( id= )

[ 2017-01-05T21:46:41+08:00 ] 0.0.0.0 /Blog/admin.php/Index/doshowsinglecmt?id=105&isshow=1
INFO: [ app_begin ] --START--
INFO: Run ReadHtmlCache Behavior [ RunTime:0.001000s ]
INFO: [ app_begin ] --END-- [ RunTime:0.001000s ]
SQL: SHOW COLUMNS FROM `comment` [ RunTime:0.004000s ]
SQL: UPDATE `comment` SET `show`=1,`isnew`=0 WHERE ( id=105 ) [ RunTime:0.001000s ]

[ 2017-01-05T21:46:42+08:00 ] 0.0.0.0 /Blog/admin.php/Index/doshowsinglecmt?ID=0.3428970297552447aa.parent().parent()
INFO: [ app_begin ] --START--
INFO: Run ReadHtmlCache Behavior [ RunTime:0.001000s ]
INFO: [ app_begin ] --END-- [ RunTime:0.001000s ]
NOTIC: [8] Undefined index: id D:\WWW\Blog\Admin\Lib\Action\IndexAction.class.php 第 77 行.
SQL: SHOW COLUMNS FROM `comment` [ RunTime:0.006000s ]
NOTIC: [8] Undefined index: isshow D:\WWW\Blog\Admin\Lib\Action\IndexAction.class.php 第 79 行.
SQL: UPDATE `comment` SET `show`=0,`isnew`=0 WHERE ( id= ) [ RunTime:0.000000s ]
ERR: You have an error in your SQL syntax; check the manual that corresponds to your MySQL server version for the right syntax to use near ')' at line 1
 [ SQL语句 ] : UPDATE `comment` SET `show`=0,`isnew`=0 WHERE ( id= )

[ 2017-01-05T21:47:29+08:00 ] 0.0.0.0 /Blog/admin.php/Index/doshowsinglecmt?id=106&isshow=0
INFO: [ app_begin ] --START--
INFO: Run ReadHtmlCache Behavior [ RunTime:0.001000s ]
INFO: [ app_begin ] --END-- [ RunTime:0.001000s ]
SQL: SHOW COLUMNS FROM `comment` [ RunTime:0.006001s ]
SQL: UPDATE `comment` SET `show`=0,`isnew`=0 WHERE ( id=106 ) [ RunTime:0.001000s ]

[ 2017-01-05T21:47:31+08:00 ] 0.0.0.0 /Blog/admin.php/Index/doshowsinglecmt?ID=0.6545930882556632aa.parent().parent()
INFO: [ app_begin ] --START--
INFO: Run ReadHtmlCache Behavior [ RunTime:0.001000s ]
INFO: [ app_begin ] --END-- [ RunTime:0.001000s ]
NOTIC: [8] Undefined index: id D:\WWW\Blog\Admin\Lib\Action\IndexAction.class.php 第 77 行.
SQL: SHOW COLUMNS FROM `comment` [ RunTime:0.005000s ]
NOTIC: [8] Undefined index: isshow D:\WWW\Blog\Admin\Lib\Action\IndexAction.class.php 第 79 行.
SQL: UPDATE `comment` SET `show`=0,`isnew`=0 WHERE ( id= ) [ RunTime:0.000000s ]
ERR: You have an error in your SQL syntax; check the manual that corresponds to your MySQL server version for the right syntax to use near ')' at line 1
 [ SQL语句 ] : UPDATE `comment` SET `show`=0,`isnew`=0 WHERE ( id= )

[ 2017-01-05T21:53:25+08:00 ] 0.0.0.0 /Blog/admin.php/Index/doshowsinglecmt?id=136&isshow=1
INFO: [ app_begin ] --START--
INFO: Run ReadHtmlCache Behavior [ RunTime:0.001000s ]
INFO: [ app_begin ] --END-- [ RunTime:0.001000s ]
SQL: SHOW COLUMNS FROM `comment` [ RunTime:0.004001s ]
SQL: UPDATE `comment` SET `show`=1,`isnew`=0 WHERE ( id=136 ) [ RunTime:0.001000s ]

[ 2017-01-05T21:53:26+08:00 ] 0.0.0.0 /Blog/admin.php/Index/doshowsinglecmt?ID=0.13381369985749902aa.parent().parent()
INFO: [ app_begin ] --START--
INFO: Run ReadHtmlCache Behavior [ RunTime:0.001000s ]
INFO: [ app_begin ] --END-- [ RunTime:0.001000s ]
NOTIC: [8] Undefined index: id D:\WWW\Blog\Admin\Lib\Action\IndexAction.class.php 第 77 行.
SQL: SHOW COLUMNS FROM `comment` [ RunTime:0.005000s ]
NOTIC: [8] Undefined index: isshow D:\WWW\Blog\Admin\Lib\Action\IndexAction.class.php 第 79 行.
SQL: UPDATE `comment` SET `show`=0,`isnew`=0 WHERE ( id= ) [ RunTime:0.000000s ]
ERR: You have an error in your SQL syntax; check the manual that corresponds to your MySQL server version for the right syntax to use near ')' at line 1
 [ SQL语句 ] : UPDATE `comment` SET `show`=0,`isnew`=0 WHERE ( id= )

[ 2017-01-05T21:59:06+08:00 ] 0.0.0.0 /Blog/admin.php/Index/doshowsinglecmt?ID=0.44450846485884044aa.parent().parent()
INFO: [ app_begin ] --START--
INFO: Run ReadHtmlCache Behavior [ RunTime:0.000000s ]
INFO: [ app_begin ] --END-- [ RunTime:0.000000s ]
NOTIC: [8] Undefined index: id D:\WWW\Blog\Admin\Lib\Action\IndexAction.class.php 第 77 行.
SQL: SHOW COLUMNS FROM `comment` [ RunTime:0.007000s ]
NOTIC: [8] Undefined index: isshow D:\WWW\Blog\Admin\Lib\Action\IndexAction.class.php 第 79 行.
SQL: UPDATE `comment` SET `show`=0,`isnew`=0 WHERE ( id= ) [ RunTime:0.003000s ]
ERR: You have an error in your SQL syntax; check the manual that corresponds to your MySQL server version for the right syntax to use near ')' at line 1
 [ SQL语句 ] : UPDATE `comment` SET `show`=0,`isnew`=0 WHERE ( id= )

[ 2017-01-05T21:59:32+08:00 ] 0.0.0.0 /Blog/admin.php/Index/doshowsinglecmt?ID=0.8388087396165789aa.parent().parent()
INFO: [ app_begin ] --START--
INFO: Run ReadHtmlCache Behavior [ RunTime:0.002000s ]
INFO: [ app_begin ] --END-- [ RunTime:0.002000s ]
NOTIC: [8] Undefined index: id D:\WWW\Blog\Admin\Lib\Action\IndexAction.class.php 第 77 行.
SQL: SHOW COLUMNS FROM `comment` [ RunTime:0.005000s ]
NOTIC: [8] Undefined index: isshow D:\WWW\Blog\Admin\Lib\Action\IndexAction.class.php 第 79 行.
SQL: UPDATE `comment` SET `show`=0,`isnew`=0 WHERE ( id= ) [ RunTime:0.000000s ]
ERR: You have an error in your SQL syntax; check the manual that corresponds to your MySQL server version for the right syntax to use near ')' at line 1
 [ SQL语句 ] : UPDATE `comment` SET `show`=0,`isnew`=0 WHERE ( id= )

[ 2017-01-05T21:59:51+08:00 ] 0.0.0.0 /Blog/admin.php/Index/doshowsinglecmt?ID=0.997215581280263aa.parent().parent()
INFO: [ app_begin ] --START--
INFO: Run ReadHtmlCache Behavior [ RunTime:0.002000s ]
INFO: [ app_begin ] --END-- [ RunTime:0.002000s ]
NOTIC: [8] Undefined index: id D:\WWW\Blog\Admin\Lib\Action\IndexAction.class.php 第 77 行.
SQL: SHOW COLUMNS FROM `comment` [ RunTime:0.004001s ]
NOTIC: [8] Undefined index: isshow D:\WWW\Blog\Admin\Lib\Action\IndexAction.class.php 第 79 行.
SQL: UPDATE `comment` SET `show`=0,`isnew`=0 WHERE ( id= ) [ RunTime:0.000000s ]
ERR: You have an error in your SQL syntax; check the manual that corresponds to your MySQL server version for the right syntax to use near ')' at line 1
 [ SQL语句 ] : UPDATE `comment` SET `show`=0,`isnew`=0 WHERE ( id= )

[ 2017-01-05T22:00:49+08:00 ] 0.0.0.0 /Blog/admin.php/Index/doshowsinglecmt?ID=0.15791234717048153aa.parent().parent()
INFO: [ app_begin ] --START--
INFO: Run ReadHtmlCache Behavior [ RunTime:0.001000s ]
INFO: [ app_begin ] --END-- [ RunTime:0.001000s ]
NOTIC: [8] Undefined index: id D:\WWW\Blog\Admin\Lib\Action\IndexAction.class.php 第 77 行.
SQL: SHOW COLUMNS FROM `comment` [ RunTime:0.006000s ]
NOTIC: [8] Undefined index: isshow D:\WWW\Blog\Admin\Lib\Action\IndexAction.class.php 第 79 行.
SQL: UPDATE `comment` SET `show`=0,`isnew`=0 WHERE ( id= ) [ RunTime:0.000000s ]
ERR: You have an error in your SQL syntax; check the manual that corresponds to your MySQL server version for the right syntax to use near ')' at line 1
 [ SQL语句 ] : UPDATE `comment` SET `show`=0,`isnew`=0 WHERE ( id= )

[ 2017-01-05T22:02:15+08:00 ] 0.0.0.0 /Blog/admin.php/Index/doshowsinglecmt?ID=0.8239310724725714aa.parent().parent()
INFO: [ app_begin ] --START--
INFO: Run ReadHtmlCache Behavior [ RunTime:0.001000s ]
INFO: [ app_begin ] --END-- [ RunTime:0.001000s ]
SQL: SHOW COLUMNS FROM `comment` [ RunTime:0.006001s ]
SQL: UPDATE `comment` SET `show`=1,`isnew`=0 WHERE ( id=135 ) [ RunTime:0.000000s ]

[ 2017-01-05T22:02:51+08:00 ] 0.0.0.0 /Blog/admin.php/Index/doshowsinglecmt?ID=0.8398130458961557aa.parent().parent()
INFO: [ app_begin ] --START--
INFO: Run ReadHtmlCache Behavior [ RunTime:0.001000s ]
INFO: [ app_begin ] --END-- [ RunTime:0.001000s ]
SQL: SHOW COLUMNS FROM `comment` [ RunTime:0.016001s ]
SQL: UPDATE `comment` SET `show`=1,`isnew`=0 WHERE ( id=133 ) [ RunTime:0.001000s ]

[ 2017-01-05T22:13:09+08:00 ] 0.0.0.0 /Blog/admin.php/Index/doshowsinglecmt?ID=0.9451907207802861bb
INFO: [ app_begin ] --START--
INFO: Run ReadHtmlCache Behavior [ RunTime:0.001000s ]
INFO: [ app_begin ] --END-- [ RunTime:0.002000s ]
SQL: SHOW COLUMNS FROM `comment` [ RunTime:0.004001s ]
SQL: UPDATE `comment` SET `show`=1,`isnew`=0 WHERE ( id=134 ) [ RunTime:0.001000s ]

[ 2017-01-05T22:15:06+08:00 ] 0.0.0.0 /Blog/admin.php/Index/doshowsinglecmt?ID=0.8729958326391619bb
INFO: [ app_begin ] --START--
INFO: Run ReadHtmlCache Behavior [ RunTime:0.001000s ]
INFO: [ app_begin ] --END-- [ RunTime:0.001000s ]
SQL: SHOW COLUMNS FROM `comment` [ RunTime:0.004000s ]
SQL: UPDATE `comment` SET `show`=0,`isnew`=0 WHERE ( id=131 ) [ RunTime:0.000000s ]

[ 2017-01-05T22:15:09+08:00 ] 0.0.0.0 /Blog/admin.php/Index/doshowsinglecmt?ID=0.6141623926517034bb
INFO: [ app_begin ] --START--
INFO: Run ReadHtmlCache Behavior [ RunTime:0.001000s ]
INFO: [ app_begin ] --END-- [ RunTime:0.001000s ]
SQL: SHOW COLUMNS FROM `comment` [ RunTime:0.077004s ]
SQL: UPDATE `comment` SET `show`=1,`isnew`=0 WHERE ( id=132 ) [ RunTime:0.000000s ]

[ 2017-01-05T22:15:12+08:00 ] 0.0.0.0 /Blog/admin.php/Index/doshowsinglecmt?ID=0.4119834508700909bb
INFO: [ app_begin ] --START--
INFO: Run ReadHtmlCache Behavior [ RunTime:0.001000s ]
INFO: [ app_begin ] --END-- [ RunTime:0.001000s ]
SQL: SHOW COLUMNS FROM `comment` [ RunTime:0.004000s ]
SQL: UPDATE `comment` SET `show`=0,`isnew`=0 WHERE ( id=105 ) [ RunTime:0.000000s ]

[ 2017-01-05T23:06:03+08:00 ] 0.0.0.0 /Blog/admin.php/Index/del?ppp=0.9885265095560984bb
INFO: [ app_begin ] --START--
INFO: Run ReadHtmlCache Behavior [ RunTime:0.001001s ]
INFO: [ app_begin ] --END-- [ RunTime:0.001001s ]
SQL: SHOW COLUMNS FROM `message` [ RunTime:0.004000s ]
SQL: DELETE FROM `message` WHERE ( id=36 ) [ RunTime:0.139008s ]

[ 2017-01-05T23:07:49+08:00 ] 0.0.0.0 /Blog/admin.php/Index/del?ppp=0.23816962238519557bb
INFO: [ app_begin ] --START--
INFO: Run ReadHtmlCache Behavior [ RunTime:0.001000s ]
INFO: [ app_begin ] --END-- [ RunTime:0.001000s ]
SQL: SHOW COLUMNS FROM `message` [ RunTime:0.076004s ]
SQL: DELETE FROM `message` WHERE ( id=37 ) [ RunTime:0.000000s ]

