[ 2017-01-06T11:03:55+08:00 ] 0.0.0.0 /Blog/admin.php/Index/modify?id=14
INFO: [ app_begin ] --START--
INFO: Run ReadHtmlCache Behavior [ RunTime:0.003000s ]
INFO: [ app_begin ] --END-- [ RunTime:0.003000s ]

[ 2017-01-06T11:04:18+08:00 ] 0.0.0.0 /Blog/admin.php/Index/modify?id=14
INFO: [ app_begin ] --START--
INFO: Run ReadHtmlCache Behavior [ RunTime:0.002000s ]
INFO: [ app_begin ] --END-- [ RunTime:0.002000s ]

[ 2017-01-06T11:06:04+08:00 ] 0.0.0.0 /Blog/admin.php/Index/modify?id=14
INFO: [ app_begin ] --START--
INFO: Run ReadHtmlCache Behavior [ RunTime:0.002000s ]
INFO: [ app_begin ] --END-- [ RunTime:0.002000s ]
SQL: SHOW COLUMNS FROM `message` [ RunTime:0.005000s ]
SQL: SELECT * FROM `message` WHERE ( id=14 )  [ RunTime:0.000000s ]

[ 2017-01-06T11:06:12+08:00 ] 0.0.0.0 /Blog/admin.php/Index/modify?id=14
INFO: [ app_begin ] --START--
INFO: Run ReadHtmlCache Behavior [ RunTime:0.001000s ]
INFO: [ app_begin ] --END-- [ RunTime:0.001000s ]
SQL: SHOW COLUMNS FROM `message` [ RunTime:0.004000s ]
SQL: SELECT * FROM `message` WHERE ( id=14 )  [ RunTime:0.000000s ]

[ 2017-01-06T11:08:02+08:00 ] 0.0.0.0 /Blog/admin.php/Index/modify?id=16
INFO: [ app_begin ] --START--
INFO: Run ReadHtmlCache Behavior [ RunTime:0.000000s ]
INFO: [ app_begin ] --END-- [ RunTime:0.000000s ]
SQL: SHOW COLUMNS FROM `message` [ RunTime:0.004000s ]
SQL: SELECT * FROM `message` WHERE ( id=16 )  [ RunTime:0.001000s ]

[ 2017-01-06T11:08:07+08:00 ] 0.0.0.0 /Blog/admin.php/Index/modify?id=14
INFO: [ app_begin ] --START--
INFO: Run ReadHtmlCache Behavior [ RunTime:0.001000s ]
INFO: [ app_begin ] --END-- [ RunTime:0.001000s ]
SQL: SHOW COLUMNS FROM `message` [ RunTime:0.018001s ]
SQL: SELECT * FROM `message` WHERE ( id=14 )  [ RunTime:0.000000s ]

[ 2017-01-06T11:09:28+08:00 ] 0.0.0.0 /Blog/admin.php/Index/modify?id=14
INFO: [ app_begin ] --START--
INFO: Run ReadHtmlCache Behavior [ RunTime:0.001001s ]
INFO: [ app_begin ] --END-- [ RunTime:0.002001s ]
SQL: SHOW COLUMNS FROM `message` [ RunTime:0.004000s ]
SQL: SELECT * FROM `message` WHERE ( id=14 )  [ RunTime:0.001000s ]

[ 2017-01-06T11:09:57+08:00 ] 0.0.0.0 /Blog/admin.php/Index/modify?id=17
INFO: [ app_begin ] --START--
INFO: Run ReadHtmlCache Behavior [ RunTime:0.001000s ]
INFO: [ app_begin ] --END-- [ RunTime:0.001000s ]
SQL: SHOW COLUMNS FROM `message` [ RunTime:0.005001s ]
SQL: SELECT * FROM `message` WHERE ( id=17 )  [ RunTime:0.000000s ]

[ 2017-01-06T11:10:05+08:00 ] 0.0.0.0 /Blog/admin.php/Index/modify?id=19
INFO: [ app_begin ] --START--
INFO: Run ReadHtmlCache Behavior [ RunTime:0.001000s ]
INFO: [ app_begin ] --END-- [ RunTime:0.001000s ]
SQL: SHOW COLUMNS FROM `message` [ RunTime:0.004001s ]
SQL: SELECT * FROM `message` WHERE ( id=19 )  [ RunTime:0.000000s ]

[ 2017-01-06T11:12:21+08:00 ] 0.0.0.0 /Blog/admin.php/Index/modify
INFO: [ app_begin ] --START--
INFO: Run ReadHtmlCache Behavior [ RunTime:0.001000s ]
INFO: [ app_begin ] --END-- [ RunTime:0.001000s ]
SQL: SHOW COLUMNS FROM `message` [ RunTime:0.004000s ]
SQL: SELECT * FROM `message` WHERE ( id=19 )  [ RunTime:0.001000s ]

[ 2017-01-06T11:12:33+08:00 ] 0.0.0.0 /Blog/admin.php/Index/modify
INFO: [ app_begin ] --START--
INFO: Run ReadHtmlCache Behavior [ RunTime:0.000000s ]
INFO: [ app_begin ] --END-- [ RunTime:0.000000s ]
SQL: SHOW COLUMNS FROM `message` [ RunTime:0.004000s ]
SQL: SELECT * FROM `message` WHERE ( id=19 )  [ RunTime:0.001000s ]

[ 2017-01-06T11:12:42+08:00 ] 0.0.0.0 /Blog/admin.php/Index/modify
INFO: [ app_begin ] --START--
INFO: Run ReadHtmlCache Behavior [ RunTime:0.001000s ]
INFO: [ app_begin ] --END-- [ RunTime:0.001000s ]
SQL: SHOW COLUMNS FROM `message` [ RunTime:0.004001s ]
SQL: SELECT * FROM `message` WHERE ( id=14 )  [ RunTime:0.001000s ]

[ 2017-01-06T11:26:15+08:00 ] 0.0.0.0 /Blog/admin.php/Index/modify
INFO: [ app_begin ] --START--
INFO: Run ReadHtmlCache Behavior [ RunTime:0.000000s ]
INFO: [ app_begin ] --END-- [ RunTime:0.000000s ]
SQL: SHOW COLUMNS FROM `message` [ RunTime:0.004000s ]
SQL: SELECT * FROM `message` WHERE ( id=14 )  [ RunTime:0.001000s ]

[ 2017-01-06T11:29:05+08:00 ] 0.0.0.0 /Blog/admin.php/Index/modify
INFO: [ app_begin ] --START--
INFO: Run ReadHtmlCache Behavior [ RunTime:0.001000s ]
INFO: [ app_begin ] --END-- [ RunTime:0.001000s ]
SQL: SHOW COLUMNS FROM `message` [ RunTime:0.004000s ]
SQL: SELECT * FROM `message` WHERE ( id=17 )  [ RunTime:0.021001s ]

[ 2017-01-06T11:29:24+08:00 ] 0.0.0.0 /Blog/admin.php/Index/modify
INFO: [ app_begin ] --START--
INFO: Run ReadHtmlCache Behavior [ RunTime:0.001000s ]
INFO: [ app_begin ] --END-- [ RunTime:0.001000s ]
SQL: SHOW COLUMNS FROM `message` [ RunTime:0.005001s ]
SQL: SELECT * FROM `message` WHERE ( id=17 )  [ RunTime:0.000000s ]

[ 2017-01-06T11:29:30+08:00 ] 0.0.0.0 /Blog/admin.php/Index/modify
INFO: [ app_begin ] --START--
INFO: Run ReadHtmlCache Behavior [ RunTime:0.000000s ]
INFO: [ app_begin ] --END-- [ RunTime:0.000000s ]
SQL: SHOW COLUMNS FROM `message` [ RunTime:0.010001s ]
SQL: SELECT * FROM `message` WHERE ( id=14 )  [ RunTime:0.001000s ]

[ 2017-01-06T11:59:46+08:00 ] 0.0.0.0 /Blog/admin.php/Index/modify
INFO: [ app_begin ] --START--
INFO: Run ReadHtmlCache Behavior [ RunTime:0.001000s ]
INFO: [ app_begin ] --END-- [ RunTime:0.001000s ]
SQL: SHOW COLUMNS FROM `message` [ RunTime:0.007000s ]
SQL: SELECT * FROM `message` WHERE ( id=17 )  [ RunTime:0.164010s ]

[ 2017-01-06T12:00:15+08:00 ] 0.0.0.0 /Blog/admin.php/Index/modify
INFO: [ app_begin ] --START--
INFO: Run ReadHtmlCache Behavior [ RunTime:0.006000s ]
INFO: [ app_begin ] --END-- [ RunTime:0.007000s ]
SQL: SHOW COLUMNS FROM `message` [ RunTime:0.011001s ]
SQL: SELECT * FROM `message` WHERE ( id=17 )  [ RunTime:0.002000s ]

[ 2017-01-06T12:00:24+08:00 ] 0.0.0.0 /Blog/admin.php/Index/modify
INFO: [ app_begin ] --START--
INFO: Run ReadHtmlCache Behavior [ RunTime:0.001000s ]
INFO: [ app_begin ] --END-- [ RunTime:0.001000s ]
SQL: SHOW COLUMNS FROM `message` [ RunTime:0.008001s ]
SQL: SELECT * FROM `message` WHERE ( id=14 )  [ RunTime:0.000000s ]

[ 2017-01-06T12:01:15+08:00 ] 0.0.0.0 /Blog/admin.php/Index/modify
INFO: [ app_begin ] --START--
INFO: Run ReadHtmlCache Behavior [ RunTime:0.002000s ]
INFO: [ app_begin ] --END-- [ RunTime:0.002000s ]
SQL: SHOW COLUMNS FROM `message` [ RunTime:0.007000s ]
SQL: SELECT * FROM `message` WHERE ( id=19 )  [ RunTime:0.001001s ]

[ 2017-01-06T12:01:40+08:00 ] 0.0.0.0 /Blog/admin.php/Index/modify
INFO: [ app_begin ] --START--
INFO: Run ReadHtmlCache Behavior [ RunTime:0.001000s ]
INFO: [ app_begin ] --END-- [ RunTime:0.001000s ]
SQL: SHOW COLUMNS FROM `message` [ RunTime:0.008001s ]
SQL: SELECT * FROM `message` WHERE ( id=14 )  [ RunTime:0.001000s ]

[ 2017-01-06T12:01:56+08:00 ] 0.0.0.0 /Blog/admin.php/Index/modify
INFO: [ app_begin ] --START--
INFO: Run ReadHtmlCache Behavior [ RunTime:0.002000s ]
INFO: [ app_begin ] --END-- [ RunTime:0.002000s ]
SQL: SHOW COLUMNS FROM `message` [ RunTime:0.018001s ]
SQL: SELECT * FROM `message` WHERE ( id=14 )  [ RunTime:0.000000s ]

[ 2017-01-06T12:02:13+08:00 ] 0.0.0.0 /Blog/admin.php/Index/modify
INFO: [ app_begin ] --START--
INFO: Run ReadHtmlCache Behavior [ RunTime:0.001000s ]
INFO: [ app_begin ] --END-- [ RunTime:0.001000s ]
SQL: SHOW COLUMNS FROM `message` [ RunTime:0.014001s ]
SQL: SELECT * FROM `message` WHERE ( id=14 )  [ RunTime:0.001000s ]

[ 2017-01-06T12:02:32+08:00 ] 0.0.0.0 /Blog/admin.php/Index/modify
INFO: [ app_begin ] --START--
INFO: Run ReadHtmlCache Behavior [ RunTime:0.002000s ]
INFO: [ app_begin ] --END-- [ RunTime:0.002000s ]
SQL: SHOW COLUMNS FROM `message` [ RunTime:0.008000s ]
SQL: SELECT * FROM `message` WHERE ( id=14 )  [ RunTime:0.000000s ]

[ 2017-01-06T12:03:01+08:00 ] 0.0.0.0 /Blog/admin.php/Index/modify
INFO: [ app_begin ] --START--
INFO: Run ReadHtmlCache Behavior [ RunTime:0.001000s ]
INFO: [ app_begin ] --END-- [ RunTime:0.002000s ]
SQL: SHOW COLUMNS FROM `message` [ RunTime:0.004001s ]
SQL: SELECT * FROM `message` WHERE ( id=15 )  [ RunTime:0.001000s ]

[ 2017-01-06T12:03:22+08:00 ] 0.0.0.0 /Blog/admin.php/Index/modify
INFO: [ app_begin ] --START--
INFO: Run ReadHtmlCache Behavior [ RunTime:0.005000s ]
INFO: [ app_begin ] --END-- [ RunTime:0.005000s ]
SQL: SHOW COLUMNS FROM `message` [ RunTime:0.011000s ]
SQL: SELECT * FROM `message` WHERE ( id=14 )  [ RunTime:0.001001s ]

[ 2017-01-06T12:05:27+08:00 ] 0.0.0.0 /Blog/admin.php/Index/modify
INFO: [ app_begin ] --START--
INFO: Run ReadHtmlCache Behavior [ RunTime:0.002000s ]
INFO: [ app_begin ] --END-- [ RunTime:0.002000s ]
SQL: SHOW COLUMNS FROM `message` [ RunTime:0.025001s ]
SQL: SELECT * FROM `message` WHERE ( id=14 )  [ RunTime:0.003000s ]

[ 2017-01-06T12:06:06+08:00 ] 0.0.0.0 /Blog/admin.php/Index/modify
INFO: [ app_begin ] --START--
INFO: Run ReadHtmlCache Behavior [ RunTime:0.004001s ]
INFO: [ app_begin ] --END-- [ RunTime:0.004001s ]
SQL: SHOW COLUMNS FROM `message` [ RunTime:0.009001s ]
SQL: SELECT * FROM `message` WHERE ( id=14 )  [ RunTime:0.001000s ]

[ 2017-01-06T12:16:56+08:00 ] 0.0.0.0 /Blog/admin.php/Index/modify
INFO: [ app_begin ] --START--
INFO: Run ReadHtmlCache Behavior [ RunTime:0.001000s ]
INFO: [ app_begin ] --END-- [ RunTime:0.001000s ]
SQL: SHOW COLUMNS FROM `message` [ RunTime:0.006000s ]
SQL: SELECT * FROM `message` WHERE ( id=15 )  [ RunTime:0.001000s ]

[ 2017-01-06T12:17:12+08:00 ] 0.0.0.0 /Blog/admin.php/Index/modify
INFO: [ app_begin ] --START--
INFO: Run ReadHtmlCache Behavior [ RunTime:0.001000s ]
INFO: [ app_begin ] --END-- [ RunTime:0.001000s ]
SQL: SHOW COLUMNS FROM `message` [ RunTime:0.004000s ]
SQL: SELECT * FROM `message` WHERE ( id=14 )  [ RunTime:0.001000s ]

[ 2017-01-06T12:19:10+08:00 ] 0.0.0.0 /Blog/admin.php/Index/modify
INFO: [ app_begin ] --START--
INFO: Run ReadHtmlCache Behavior [ RunTime:0.002000s ]
INFO: [ app_begin ] --END-- [ RunTime:0.002000s ]
SQL: SHOW COLUMNS FROM `message` [ RunTime:0.006000s ]
SQL: SELECT * FROM `message` WHERE ( id=14 )  [ RunTime:0.001000s ]

[ 2017-01-06T12:19:16+08:00 ] 0.0.0.0 /Blog/admin.php/Index/modify
INFO: [ app_begin ] --START--
INFO: Run ReadHtmlCache Behavior [ RunTime:0.001000s ]
INFO: [ app_begin ] --END-- [ RunTime:0.001000s ]
SQL: SHOW COLUMNS FROM `message` [ RunTime:0.006001s ]
SQL: SELECT * FROM `message` WHERE ( id=14 )  [ RunTime:0.000000s ]

[ 2017-01-06T12:20:32+08:00 ] 0.0.0.0 /Blog/admin.php/Index/modify
INFO: [ app_begin ] --START--
INFO: Run ReadHtmlCache Behavior [ RunTime:0.001000s ]
INFO: [ app_begin ] --END-- [ RunTime:0.001000s ]
SQL: SHOW COLUMNS FROM `message` [ RunTime:0.007000s ]
SQL: SELECT * FROM `message` WHERE ( id=14 )  [ RunTime:0.001001s ]

[ 2017-01-06T12:20:40+08:00 ] 0.0.0.0 /Blog/admin.php/Index/modify
INFO: [ app_begin ] --START--
INFO: Run ReadHtmlCache Behavior [ RunTime:0.000000s ]
INFO: [ app_begin ] --END-- [ RunTime:0.002000s ]
SQL: SHOW COLUMNS FROM `message` [ RunTime:0.009000s ]
SQL: SELECT * FROM `message` WHERE ( id=19 )  [ RunTime:0.002000s ]

[ 2017-01-06T12:21:22+08:00 ] 0.0.0.0 /Blog/admin.php/Index/modify
INFO: [ app_begin ] --START--
INFO: Run ReadHtmlCache Behavior [ RunTime:0.001000s ]
INFO: [ app_begin ] --END-- [ RunTime:0.001000s ]
SQL: SHOW COLUMNS FROM `message` [ RunTime:0.006000s ]
SQL: SELECT * FROM `message` WHERE ( id=15 )  [ RunTime:0.001000s ]

[ 2017-01-06T12:22:16+08:00 ] 0.0.0.0 /Blog/admin.php/Index/modify
INFO: [ app_begin ] --START--
INFO: Run ReadHtmlCache Behavior [ RunTime:0.001000s ]
INFO: [ app_begin ] --END-- [ RunTime:0.001000s ]
SQL: SHOW COLUMNS FROM `message` [ RunTime:0.006000s ]
SQL: SELECT * FROM `message` WHERE ( id=14 )  [ RunTime:0.000000s ]

[ 2017-01-06T12:22:55+08:00 ] 0.0.0.0 /Blog/admin.php/Index/modify
INFO: [ app_begin ] --START--
INFO: Run ReadHtmlCache Behavior [ RunTime:0.002001s ]
INFO: [ app_begin ] --END-- [ RunTime:0.002001s ]
SQL: SHOW COLUMNS FROM `message` [ RunTime:0.005001s ]
SQL: SELECT * FROM `message` WHERE ( id=14 )  [ RunTime:0.000000s ]

[ 2017-01-06T12:23:10+08:00 ] 0.0.0.0 /Blog/admin.php/Index/modify
INFO: [ app_begin ] --START--
INFO: Run ReadHtmlCache Behavior [ RunTime:0.001000s ]
INFO: [ app_begin ] --END-- [ RunTime:0.001000s ]
SQL: SHOW COLUMNS FROM `message` [ RunTime:0.005000s ]
SQL: SELECT * FROM `message` WHERE ( id=14 )  [ RunTime:0.000000s ]

[ 2017-01-06T12:23:21+08:00 ] 0.0.0.0 /Blog/admin.php/Index/modify
INFO: [ app_begin ] --START--
INFO: Run ReadHtmlCache Behavior [ RunTime:0.001000s ]
INFO: [ app_begin ] --END-- [ RunTime:0.001000s ]
SQL: SHOW COLUMNS FROM `message` [ RunTime:0.004001s ]
SQL: SELECT * FROM `message` WHERE ( id=14 )  [ RunTime:0.000000s ]

[ 2017-01-06T12:23:47+08:00 ] 0.0.0.0 /Blog/admin.php/Index/modify
INFO: [ app_begin ] --START--
INFO: Run ReadHtmlCache Behavior [ RunTime:0.001000s ]
INFO: [ app_begin ] --END-- [ RunTime:0.001000s ]
SQL: SHOW COLUMNS FROM `message` [ RunTime:0.007000s ]
SQL: SELECT * FROM `message` WHERE ( id=17 )  [ RunTime:0.000000s ]

[ 2017-01-06T12:24:08+08:00 ] 0.0.0.0 /Blog/admin.php/Index/modify
INFO: [ app_begin ] --START--
INFO: Run ReadHtmlCache Behavior [ RunTime:0.001000s ]
INFO: [ app_begin ] --END-- [ RunTime:0.001000s ]
SQL: SHOW COLUMNS FROM `message` [ RunTime:0.005000s ]
SQL: SELECT * FROM `message` WHERE ( id=15 )  [ RunTime:0.001000s ]

[ 2017-01-06T12:24:09+08:00 ] 0.0.0.0 /Blog/admin.php/Index/modify
INFO: [ app_begin ] --START--
INFO: Run ReadHtmlCache Behavior [ RunTime:0.001000s ]
INFO: [ app_begin ] --END-- [ RunTime:0.001000s ]
SQL: SHOW COLUMNS FROM `message` [ RunTime:0.004000s ]
SQL: SELECT * FROM `message` WHERE ( id=14 )  [ RunTime:0.000000s ]

[ 2017-01-06T12:24:10+08:00 ] 0.0.0.0 /Blog/admin.php/Index/modify
INFO: [ app_begin ] --START--
INFO: Run ReadHtmlCache Behavior [ RunTime:0.000000s ]
INFO: [ app_begin ] --END-- [ RunTime:0.000000s ]
SQL: SHOW COLUMNS FROM `message` [ RunTime:0.005000s ]
SQL: SELECT * FROM `message` WHERE ( id=15 )  [ RunTime:0.001000s ]

[ 2017-01-06T12:24:11+08:00 ] 0.0.0.0 /Blog/admin.php/Index/modify
INFO: [ app_begin ] --START--
INFO: Run ReadHtmlCache Behavior [ RunTime:0.001000s ]
INFO: [ app_begin ] --END-- [ RunTime:0.001000s ]
SQL: SHOW COLUMNS FROM `message` [ RunTime:0.006001s ]
SQL: SELECT * FROM `message` WHERE ( id=15 )  [ RunTime:0.001000s ]

[ 2017-01-06T12:24:14+08:00 ] 0.0.0.0 /Blog/admin.php/Index/modify
INFO: [ app_begin ] --START--
INFO: Run ReadHtmlCache Behavior [ RunTime:0.001000s ]
INFO: [ app_begin ] --END-- [ RunTime:0.001000s ]
SQL: SHOW COLUMNS FROM `message` [ RunTime:0.004001s ]
SQL: SELECT * FROM `message` WHERE ( id=14 )  [ RunTime:0.000000s ]

[ 2017-01-06T12:24:38+08:00 ] 0.0.0.0 /Blog/admin.php/Index/modify
INFO: [ app_begin ] --START--
INFO: Run ReadHtmlCache Behavior [ RunTime:0.000000s ]
INFO: [ app_begin ] --END-- [ RunTime:0.000000s ]
SQL: SHOW COLUMNS FROM `message` [ RunTime:0.011001s ]
SQL: SELECT * FROM `message` WHERE ( id=14 )  [ RunTime:0.001000s ]

[ 2017-01-06T12:24:54+08:00 ] 0.0.0.0 /Blog/admin.php/Index/modify
INFO: [ app_begin ] --START--
INFO: Run ReadHtmlCache Behavior [ RunTime:0.001000s ]
INFO: [ app_begin ] --END-- [ RunTime:0.001000s ]
SQL: SHOW COLUMNS FROM `message` [ RunTime:0.004000s ]
SQL: SELECT * FROM `message` WHERE ( id=14 )  [ RunTime:0.001000s ]

[ 2017-01-06T12:24:57+08:00 ] 0.0.0.0 /Blog/admin.php/Index/modify
INFO: [ app_begin ] --START--
INFO: Run ReadHtmlCache Behavior [ RunTime:0.001001s ]
INFO: [ app_begin ] --END-- [ RunTime:0.001001s ]
SQL: SHOW COLUMNS FROM `message` [ RunTime:0.005000s ]
SQL: SELECT * FROM `message` WHERE ( id=16 )  [ RunTime:0.000000s ]

[ 2017-01-06T12:25:49+08:00 ] 0.0.0.0 /Blog/admin.php/Index/modify
INFO: [ app_begin ] --START--
INFO: Run ReadHtmlCache Behavior [ RunTime:0.000000s ]
INFO: [ app_begin ] --END-- [ RunTime:0.000000s ]
SQL: SHOW COLUMNS FROM `message` [ RunTime:0.005000s ]
SQL: SELECT * FROM `message` WHERE ( id=14 )  [ RunTime:0.000000s ]

[ 2017-01-06T12:26:44+08:00 ] 0.0.0.0 /Blog/admin.php/Index/modify
INFO: [ app_begin ] --START--
INFO: Run ReadHtmlCache Behavior [ RunTime:0.000000s ]
INFO: [ app_begin ] --END-- [ RunTime:0.000000s ]
SQL: SHOW COLUMNS FROM `message` [ RunTime:0.005000s ]
SQL: SELECT * FROM `message` WHERE ( id=14 )  [ RunTime:0.001000s ]

[ 2017-01-06T13:54:14+08:00 ] 0.0.0.0 /Blog/admin.php/Index/modify
INFO: [ app_begin ] --START--
INFO: Run ReadHtmlCache Behavior [ RunTime:0.001000s ]
INFO: [ app_begin ] --END-- [ RunTime:0.001000s ]
SQL: SHOW COLUMNS FROM `message` [ RunTime:0.005000s ]
SQL: SELECT * FROM `message` WHERE ( id=14 )  [ RunTime:0.001000s ]

[ 2017-01-06T13:54:39+08:00 ] 0.0.0.0 /Blog/admin.php/Index/modify
INFO: [ app_begin ] --START--
INFO: Run ReadHtmlCache Behavior [ RunTime:0.001000s ]
INFO: [ app_begin ] --END-- [ RunTime:0.001000s ]
SQL: SHOW COLUMNS FROM `message` [ RunTime:0.004000s ]
SQL: SELECT * FROM `message` WHERE ( id=14 )  [ RunTime:0.001000s ]

[ 2017-01-06T14:01:04+08:00 ] 0.0.0.0 /Blog/admin.php/Index/modify
INFO: [ app_begin ] --START--
INFO: Run ReadHtmlCache Behavior [ RunTime:0.000000s ]
INFO: [ app_begin ] --END-- [ RunTime:0.000000s ]
SQL: SHOW COLUMNS FROM `message` [ RunTime:0.008000s ]
SQL: SELECT * FROM `message` WHERE ( id=38 )  [ RunTime:0.000000s ]

[ 2017-01-06T14:02:02+08:00 ] 0.0.0.0 /Blog/admin.php/Index/modify
INFO: [ app_begin ] --START--
INFO: Run ReadHtmlCache Behavior [ RunTime:0.000000s ]
INFO: [ app_begin ] --END-- [ RunTime:0.001000s ]
SQL: SHOW COLUMNS FROM `message` [ RunTime:0.013001s ]
SQL: SELECT * FROM `message` WHERE ( id=38 )  [ RunTime:0.001000s ]

[ 2017-01-06T14:03:00+08:00 ] 0.0.0.0 /Blog/admin.php/Index/modify
INFO: [ app_begin ] --START--
INFO: Run ReadHtmlCache Behavior [ RunTime:0.001000s ]
INFO: [ app_begin ] --END-- [ RunTime:0.001000s ]
SQL: SHOW COLUMNS FROM `message` [ RunTime:0.005000s ]
SQL: SELECT * FROM `message` WHERE ( id=38 )  [ RunTime:0.000000s ]

[ 2017-01-06T14:05:00+08:00 ] 0.0.0.0 /Blog/admin.php/Index/modify
INFO: [ app_begin ] --START--
INFO: Run ReadHtmlCache Behavior [ RunTime:0.001000s ]
INFO: [ app_begin ] --END-- [ RunTime:0.001000s ]
SQL: SHOW COLUMNS FROM `message` [ RunTime:0.007000s ]
SQL: SELECT * FROM `message` WHERE ( id=38 )  [ RunTime:0.001000s ]

[ 2017-01-06T14:06:29+08:00 ] 0.0.0.0 /Blog/admin.php/Index/modify
INFO: [ app_begin ] --START--
INFO: Run ReadHtmlCache Behavior [ RunTime:0.001000s ]
INFO: [ app_begin ] --END-- [ RunTime:0.001000s ]
SQL: SHOW COLUMNS FROM `message` [ RunTime:0.004000s ]
SQL: SELECT * FROM `message` WHERE ( id=38 )  [ RunTime:0.000000s ]

[ 2017-01-06T14:07:01+08:00 ] 0.0.0.0 /Blog/admin.php/Index/modify
INFO: [ app_begin ] --START--
INFO: Run ReadHtmlCache Behavior [ RunTime:0.000000s ]
INFO: [ app_begin ] --END-- [ RunTime:0.000000s ]
SQL: SHOW COLUMNS FROM `message` [ RunTime:0.004000s ]
SQL: SELECT * FROM `message` WHERE ( id=38 )  [ RunTime:0.000000s ]

[ 2017-01-06T14:07:09+08:00 ] 0.0.0.0 /Blog/admin.php/Index/modify
INFO: [ app_begin ] --START--
INFO: Run ReadHtmlCache Behavior [ RunTime:0.001001s ]
INFO: [ app_begin ] --END-- [ RunTime:0.001001s ]
SQL: SHOW COLUMNS FROM `message` [ RunTime:0.010000s ]
SQL: SELECT * FROM `message` WHERE ( id=15 )  [ RunTime:0.002000s ]

[ 2017-01-06T14:08:45+08:00 ] 0.0.0.0 /Blog/admin.php/Index/modify
INFO: [ app_begin ] --START--
INFO: Run ReadHtmlCache Behavior [ RunTime:0.001000s ]
INFO: [ app_begin ] --END-- [ RunTime:0.001000s ]
SQL: SHOW COLUMNS FROM `message` [ RunTime:0.004001s ]
SQL: SELECT * FROM `message` WHERE ( id=38 )  [ RunTime:0.000000s ]

[ 2017-01-06T14:09:32+08:00 ] 0.0.0.0 /Blog/admin.php/Index/modify
INFO: [ app_begin ] --START--
INFO: Run ReadHtmlCache Behavior [ RunTime:0.000000s ]
INFO: [ app_begin ] --END-- [ RunTime:0.000000s ]
SQL: SHOW COLUMNS FROM `message` [ RunTime:0.010000s ]
SQL: SELECT * FROM `message` WHERE ( id=14 )  [ RunTime:0.001000s ]

[ 2017-01-06T14:10:23+08:00 ] 0.0.0.0 /Blog/admin.php/Index/modify
INFO: [ app_begin ] --START--
INFO: Run ReadHtmlCache Behavior [ RunTime:0.003001s ]
INFO: [ app_begin ] --END-- [ RunTime:0.003001s ]
SQL: SHOW COLUMNS FROM `message` [ RunTime:0.007001s ]
SQL: SELECT * FROM `message` WHERE ( id=38 )  [ RunTime:0.000000s ]

[ 2017-01-06T14:10:55+08:00 ] 0.0.0.0 /Blog/admin.php/Index/modify
INFO: [ app_begin ] --START--
INFO: Run ReadHtmlCache Behavior [ RunTime:0.001000s ]
INFO: [ app_begin ] --END-- [ RunTime:0.001000s ]
SQL: SHOW COLUMNS FROM `message` [ RunTime:0.006000s ]
SQL: SELECT * FROM `message` WHERE ( id=38 )  [ RunTime:0.001000s ]

[ 2017-01-06T14:11:45+08:00 ] 0.0.0.0 /Blog/admin.php/Index/modify
INFO: [ app_begin ] --START--
INFO: Run ReadHtmlCache Behavior [ RunTime:0.001000s ]
INFO: [ app_begin ] --END-- [ RunTime:0.001000s ]
SQL: SHOW COLUMNS FROM `message` [ RunTime:0.011001s ]
SQL: SELECT * FROM `message` WHERE ( id=38 )  [ RunTime:0.000000s ]

[ 2017-01-06T14:13:37+08:00 ] 0.0.0.0 /Blog/admin.php/Index/modify
INFO: [ app_begin ] --START--
INFO: Run ReadHtmlCache Behavior [ RunTime:0.001001s ]
INFO: [ app_begin ] --END-- [ RunTime:0.001001s ]
SQL: SHOW COLUMNS FROM `message` [ RunTime:0.008000s ]
SQL: SELECT * FROM `message` WHERE ( id=38 )  [ RunTime:0.001000s ]

[ 2017-01-06T14:13:53+08:00 ] 0.0.0.0 /Blog/admin.php/Index/del?ppp=0.4005914123433305bb
INFO: [ app_begin ] --START--
INFO: Run ReadHtmlCache Behavior [ RunTime:0.001000s ]
INFO: [ app_begin ] --END-- [ RunTime:0.001000s ]
SQL: SHOW COLUMNS FROM `message` [ RunTime:0.004000s ]
SQL: DELETE FROM `message` WHERE ( id=39 ) [ RunTime:0.031002s ]

[ 2017-01-06T14:13:57+08:00 ] 0.0.0.0 /Blog/admin.php/Index/del?ppp=0.881736567350888bb
INFO: [ app_begin ] --START--
INFO: Run ReadHtmlCache Behavior [ RunTime:0.000000s ]
INFO: [ app_begin ] --END-- [ RunTime:0.001000s ]
SQL: SHOW COLUMNS FROM `message` [ RunTime:0.004000s ]
SQL: DELETE FROM `message` WHERE ( id=40 ) [ RunTime:0.000000s ]

[ 2017-01-06T14:14:03+08:00 ] 0.0.0.0 /Blog/admin.php/Index/modify
INFO: [ app_begin ] --START--
INFO: Run ReadHtmlCache Behavior [ RunTime:0.001001s ]
INFO: [ app_begin ] --END-- [ RunTime:0.001001s ]
SQL: SHOW COLUMNS FROM `message` [ RunTime:0.007001s ]
SQL: SELECT * FROM `message` WHERE ( id=38 )  [ RunTime:0.000000s ]

[ 2017-01-06T14:21:27+08:00 ] 0.0.0.0 /Blog/admin.php/Index/modify
INFO: [ app_begin ] --START--
INFO: Run ReadHtmlCache Behavior [ RunTime:0.001000s ]
INFO: [ app_begin ] --END-- [ RunTime:0.001000s ]
SQL: SHOW COLUMNS FROM `message` [ RunTime:0.005001s ]
SQL: SELECT * FROM `message` WHERE ( id=38 )  [ RunTime:0.000000s ]

[ 2017-01-06T14:21:52+08:00 ] 0.0.0.0 /Blog/admin.php/Index/modify
INFO: [ app_begin ] --START--
INFO: Run ReadHtmlCache Behavior [ RunTime:0.000000s ]
INFO: [ app_begin ] --END-- [ RunTime:0.000000s ]
SQL: SHOW COLUMNS FROM `message` [ RunTime:0.005000s ]
SQL: SELECT * FROM `message` WHERE ( id=17 )  [ RunTime:0.059003s ]

[ 2017-01-06T14:22:13+08:00 ] 0.0.0.0 /Blog/admin.php/Index/modify
INFO: [ app_begin ] --START--
INFO: Run ReadHtmlCache Behavior [ RunTime:0.001000s ]
INFO: [ app_begin ] --END-- [ RunTime:0.001000s ]
SQL: SHOW COLUMNS FROM `message` [ RunTime:0.005000s ]
SQL: SELECT * FROM `message` WHERE ( id=38 )  [ RunTime:0.000000s ]

[ 2017-01-06T14:24:44+08:00 ] 0.0.0.0 /Blog/admin.php/Index/modify
INFO: [ app_begin ] --START--
INFO: Run ReadHtmlCache Behavior [ RunTime:0.001000s ]
INFO: [ app_begin ] --END-- [ RunTime:0.001000s ]
SQL: SHOW COLUMNS FROM `message` [ RunTime:0.006001s ]
SQL: SELECT * FROM `message` WHERE ( id=14 )  [ RunTime:0.001000s ]

[ 2017-01-06T14:25:05+08:00 ] 0.0.0.0 /Blog/admin.php/Index/modify
INFO: [ app_begin ] --START--
INFO: Run ReadHtmlCache Behavior [ RunTime:0.001000s ]
INFO: [ app_begin ] --END-- [ RunTime:0.001000s ]
SQL: SHOW COLUMNS FROM `message` [ RunTime:0.005000s ]
SQL: SELECT * FROM `message` WHERE ( id=14 )  [ RunTime:0.001000s ]

[ 2017-01-06T14:25:42+08:00 ] 0.0.0.0 /Blog/admin.php/Index/modify
INFO: [ app_begin ] --START--
INFO: Run ReadHtmlCache Behavior [ RunTime:0.001000s ]
INFO: [ app_begin ] --END-- [ RunTime:0.001000s ]
SQL: SHOW COLUMNS FROM `message` [ RunTime:0.010000s ]
SQL: SELECT * FROM `message` WHERE ( id=17 )  [ RunTime:0.001000s ]

[ 2017-01-06T14:26:31+08:00 ] 0.0.0.0 /Blog/admin.php/Index/modify
INFO: [ app_begin ] --START--
INFO: Run ReadHtmlCache Behavior [ RunTime:0.000000s ]
INFO: [ app_begin ] --END-- [ RunTime:0.000000s ]
SQL: SHOW COLUMNS FROM `message` [ RunTime:0.009001s ]
SQL: SELECT * FROM `message` WHERE ( id=38 )  [ RunTime:0.001000s ]

[ 2017-01-06T14:28:28+08:00 ] 0.0.0.0 /Blog/admin.php/Index/modify
INFO: [ app_begin ] --START--
INFO: Run ReadHtmlCache Behavior [ RunTime:0.000000s ]
INFO: [ app_begin ] --END-- [ RunTime:0.000000s ]
SQL: SHOW COLUMNS FROM `message` [ RunTime:0.005000s ]
SQL: SELECT * FROM `message` WHERE ( id=17 )  [ RunTime:0.001000s ]

[ 2017-01-06T14:33:58+08:00 ] 0.0.0.0 /Blog/admin.php/Index/modify
INFO: [ app_begin ] --START--
INFO: Run ReadHtmlCache Behavior [ RunTime:0.000000s ]
INFO: [ app_begin ] --END-- [ RunTime:0.000000s ]
SQL: SHOW COLUMNS FROM `message` [ RunTime:0.006001s ]
SQL: SELECT * FROM `message` WHERE ( id=38 )  [ RunTime:0.000000s ]

[ 2017-01-06T14:34:03+08:00 ] 0.0.0.0 /Blog/admin.php/Index/modify
INFO: [ app_begin ] --START--
INFO: Run ReadHtmlCache Behavior [ RunTime:0.001000s ]
INFO: [ app_begin ] --END-- [ RunTime:0.001000s ]
SQL: SHOW COLUMNS FROM `message` [ RunTime:0.005000s ]
SQL: SELECT * FROM `message` WHERE ( id=14 )  [ RunTime:0.000000s ]

[ 2017-01-06T15:56:09+08:00 ] ERR: (ThinkException) 无法加载模块:Public
[ 2017-01-06T15:56:09+08:00 ] ERR: (ThinkException) 无法加载模块:Public
[ 2017-01-06T15:57:09+08:00 ] ERR: (ThinkException) 无法加载模块:Public
[ 2017-01-06T15:57:09+08:00 ] ERR: (ThinkException) 无法加载模块:Public
[ 2017-01-06T17:35:07+08:00 ] 0.0.0.0 /Blog/admin.php/Index/del?ppp=0.5468801801670885bb
INFO: [ app_begin ] --START--
INFO: Run ReadHtmlCache Behavior [ RunTime:0.000000s ]
INFO: [ app_begin ] --END-- [ RunTime:0.000000s ]
SQL: SHOW COLUMNS FROM `message` [ RunTime:0.004000s ]
SQL: DELETE FROM `message` WHERE ( id=38 ) [ RunTime:0.915052s ]

[ 2017-01-06T17:35:10+08:00 ] 0.0.0.0 /Blog/admin.php/Index/del?ppp=0.6034917213793929bb
INFO: [ app_begin ] --START--
INFO: Run ReadHtmlCache Behavior [ RunTime:0.001001s ]
INFO: [ app_begin ] --END-- [ RunTime:0.001001s ]
SQL: SHOW COLUMNS FROM `message` [ RunTime:0.004000s ]
SQL: DELETE FROM `message` WHERE ( id=41 ) [ RunTime:0.000000s ]

[ 2017-01-06T17:35:13+08:00 ] 0.0.0.0 /Blog/admin.php/Index/del?ppp=0.6074969800600369bb
INFO: [ app_begin ] --START--
INFO: Run ReadHtmlCache Behavior [ RunTime:0.001000s ]
INFO: [ app_begin ] --END-- [ RunTime:0.001000s ]
SQL: SHOW COLUMNS FROM `message` [ RunTime:0.004000s ]
SQL: DELETE FROM `message` WHERE ( id=42 ) [ RunTime:0.001000s ]

[ 2017-01-06T17:35:15+08:00 ] 0.0.0.0 /Blog/admin.php/Index/del?ppp=0.4645546521292342bb
INFO: [ app_begin ] --START--
INFO: Run ReadHtmlCache Behavior [ RunTime:0.001000s ]
INFO: [ app_begin ] --END-- [ RunTime:0.001000s ]
SQL: SHOW COLUMNS FROM `message` [ RunTime:0.004000s ]
SQL: DELETE FROM `message` WHERE ( id=43 ) [ RunTime:0.001000s ]

[ 2017-01-06T17:35:17+08:00 ] 0.0.0.0 /Blog/admin.php/Index/del?ppp=0.7667809307383852bb
INFO: [ app_begin ] --START--
INFO: Run ReadHtmlCache Behavior [ RunTime:0.001000s ]
INFO: [ app_begin ] --END-- [ RunTime:0.001000s ]
SQL: SHOW COLUMNS FROM `message` [ RunTime:0.004000s ]
SQL: DELETE FROM `message` WHERE ( id=44 ) [ RunTime:0.000000s ]

[ 2017-01-06T17:42:01+08:00 ] 0.0.0.0 /Blog/admin.php/Index/del?ppp=0.6036713731245135bb
INFO: [ app_begin ] --START--
INFO: Run ReadHtmlCache Behavior [ RunTime:0.001001s ]
INFO: [ app_begin ] --END-- [ RunTime:0.001001s ]
SQL: SHOW COLUMNS FROM `message` [ RunTime:0.004000s ]
SQL: DELETE FROM `message` WHERE ( id=45 ) [ RunTime:0.001000s ]

[ 2017-01-06T19:03:43+08:00 ] 0.0.0.0 /Blog/admin.php/Index/doshowsinglecmt?ID=0.2998987779904687bb
INFO: [ app_begin ] --START--
INFO: Run ReadHtmlCache Behavior [ RunTime:0.001000s ]
INFO: [ app_begin ] --END-- [ RunTime:0.001000s ]
SQL: SHOW COLUMNS FROM `comment` [ RunTime:0.004000s ]
SQL: UPDATE `comment` SET `show`=1,`isnew`=0 WHERE ( id=141 ) [ RunTime:0.000000s ]

[ 2017-01-06T19:05:05+08:00 ] 0.0.0.0 /Blog/admin.php/Index/doshowsinglecmt?ID=0.37239535167148086bb
INFO: [ app_begin ] --START--
INFO: Run ReadHtmlCache Behavior [ RunTime:0.000000s ]
INFO: [ app_begin ] --END-- [ RunTime:0.000000s ]
SQL: SHOW COLUMNS FROM `comment` [ RunTime:0.004000s ]
SQL: UPDATE `comment` SET `show`=1,`isnew`=0 WHERE ( id=140 ) [ RunTime:0.001000s ]

[ 2017-01-06T19:05:48+08:00 ] 0.0.0.0 /Blog/admin.php/Index/doshowsinglecmt?ID=0.4326207177608241bb
INFO: [ app_begin ] --START--
INFO: Run ReadHtmlCache Behavior [ RunTime:0.000000s ]
INFO: [ app_begin ] --END-- [ RunTime:0.000000s ]
SQL: SHOW COLUMNS FROM `comment` [ RunTime:0.004000s ]
SQL: UPDATE `comment` SET `show`=1,`isnew`=0 WHERE ( id=138 ) [ RunTime:0.001000s ]

[ 2017-01-06T19:06:55+08:00 ] 0.0.0.0 /Blog/admin.php/Index/doshowsinglecmt?ID=0.03945141959424037bb
INFO: [ app_begin ] --START--
INFO: Run ReadHtmlCache Behavior [ RunTime:0.001000s ]
INFO: [ app_begin ] --END-- [ RunTime:0.001000s ]
SQL: SHOW COLUMNS FROM `comment` [ RunTime:0.005000s ]
SQL: UPDATE `comment` SET `show`=1,`isnew`=0 WHERE ( id=139 ) [ RunTime:0.000000s ]

[ 2017-01-06T19:08:23+08:00 ] 0.0.0.0 /Blog/admin.php/Index/doshowsinglecmt?ID=0.05964010372947848bb
INFO: [ app_begin ] --START--
INFO: Run ReadHtmlCache Behavior [ RunTime:0.001000s ]
INFO: [ app_begin ] --END-- [ RunTime:0.001000s ]
SQL: SHOW COLUMNS FROM `comment` [ RunTime:0.004001s ]
SQL: UPDATE `comment` SET `show`=1,`isnew`=0 WHERE ( id=108 ) [ RunTime:0.001000s ]

[ 2017-01-06T19:09:34+08:00 ] 0.0.0.0 /Blog/admin.php/Index/modify
INFO: [ app_begin ] --START--
INFO: Run ReadHtmlCache Behavior [ RunTime:0.000000s ]
INFO: [ app_begin ] --END-- [ RunTime:0.000000s ]
SQL: SHOW COLUMNS FROM `message` [ RunTime:0.004000s ]
SQL: SELECT * FROM `message` WHERE ( id=47 )  [ RunTime:0.000000s ]

[ 2017-01-06T19:12:39+08:00 ] 0.0.0.0 /Blog/admin.php/Index/modify
INFO: [ app_begin ] --START--
INFO: Run ReadHtmlCache Behavior [ RunTime:0.001000s ]
INFO: [ app_begin ] --END-- [ RunTime:0.001000s ]
SQL: SHOW COLUMNS FROM `message` [ RunTime:0.005000s ]
SQL: SELECT * FROM `message` WHERE ( id=46 )  [ RunTime:0.000000s ]

[ 2017-01-06T19:13:10+08:00 ] 0.0.0.0 /Blog/admin.php/Index/modify
INFO: [ app_begin ] --START--
INFO: Run ReadHtmlCache Behavior [ RunTime:0.000000s ]
INFO: [ app_begin ] --END-- [ RunTime:0.000000s ]
SQL: SHOW COLUMNS FROM `message` [ RunTime:0.005000s ]
SQL: SELECT * FROM `message` WHERE ( id=46 )  [ RunTime:0.000000s ]

[ 2017-01-06T19:14:14+08:00 ] 0.0.0.0 /Blog/admin.php/Index/modify
INFO: [ app_begin ] --START--
INFO: Run ReadHtmlCache Behavior [ RunTime:0.002000s ]
INFO: [ app_begin ] --END-- [ RunTime:0.002000s ]
SQL: SHOW COLUMNS FROM `message` [ RunTime:0.004000s ]
SQL: SELECT * FROM `message` WHERE ( id=29 )  [ RunTime:0.000000s ]

[ 2017-01-06T19:15:01+08:00 ] 0.0.0.0 /Blog/admin.php/Index/modify
INFO: [ app_begin ] --START--
INFO: Run ReadHtmlCache Behavior [ RunTime:0.001000s ]
INFO: [ app_begin ] --END-- [ RunTime:0.002000s ]
SQL: SHOW COLUMNS FROM `message` [ RunTime:0.004001s ]
SQL: SELECT * FROM `message` WHERE ( id=20 )  [ RunTime:0.000000s ]

[ 2017-01-06T19:15:27+08:00 ] 0.0.0.0 /Blog/admin.php/Index/modify
INFO: [ app_begin ] --START--
INFO: Run ReadHtmlCache Behavior [ RunTime:0.002000s ]
INFO: [ app_begin ] --END-- [ RunTime:0.003000s ]
SQL: SHOW COLUMNS FROM `message` [ RunTime:0.004001s ]
SQL: SELECT * FROM `message` WHERE ( id=15 )  [ RunTime:0.001000s ]

[ 2017-01-06T19:18:22+08:00 ] 0.0.0.0 /Blog/admin.php/Index/doshowsinglecmt?ID=0.7317998412596198bb
INFO: [ app_begin ] --START--
INFO: Run ReadHtmlCache Behavior [ RunTime:0.001000s ]
INFO: [ app_begin ] --END-- [ RunTime:0.001000s ]
SQL: SHOW COLUMNS FROM `comment` [ RunTime:0.004000s ]
SQL: UPDATE `comment` SET `show`=0,`isnew`=0 WHERE ( id=137 ) [ RunTime:0.001000s ]

[ 2017-01-06T19:25:04+08:00 ] 0.0.0.0 /Blog/admin.php/Index/del?ppp=0.4215603649156343bb
INFO: [ app_begin ] --START--
INFO: Run ReadHtmlCache Behavior [ RunTime:0.001000s ]
INFO: [ app_begin ] --END-- [ RunTime:0.001000s ]
SQL: SHOW COLUMNS FROM `message` [ RunTime:0.004001s ]
SQL: DELETE FROM `message` WHERE ( id=46 ) [ RunTime:0.000000s ]
SQL: SHOW COLUMNS FROM `comment` [ RunTime:0.004000s ]
SQL: DELETE FROM `comment` WHERE ( mid=46 ) [ RunTime:0.000000s ]

[ 2017-01-06T19:58:17+08:00 ] 0.0.0.0 /Blog/admin.php/Index/doreg
INFO: [ app_begin ] --START--
INFO: Run ReadHtmlCache Behavior [ RunTime:0.001000s ]
INFO: [ app_begin ] --END-- [ RunTime:0.001000s ]
SQL: SHOW COLUMNS FROM `user` [ RunTime:0.015001s ]
NOTIC: [8] Undefined index: username D:\WWW\Blog\Admin\Lib\Action\IndexAction.class.php 第 51 行.
SQL: SELECT COUNT(*) AS tp_count FROM `user` WHERE ( `username` = null ) LIMIT 1   [ RunTime:0.021001s ]

[ 2017-01-06T19:58:23+08:00 ] 0.0.0.0 /Blog/admin.php/Index/doreg
INFO: [ app_begin ] --START--
INFO: Run ReadHtmlCache Behavior [ RunTime:0.001000s ]
INFO: [ app_begin ] --END-- [ RunTime:0.001000s ]
SQL: SHOW COLUMNS FROM `user` [ RunTime:0.019001s ]
NOTIC: [8] Undefined index: username D:\WWW\Blog\Admin\Lib\Action\IndexAction.class.php 第 51 行.
SQL: SELECT COUNT(*) AS tp_count FROM `user` WHERE ( `username` = null ) LIMIT 1   [ RunTime:0.000000s ]

[ 2017-01-06T19:58:28+08:00 ] 0.0.0.0 /Blog/admin.php/Index/doreg
INFO: [ app_begin ] --START--
INFO: Run ReadHtmlCache Behavior [ RunTime:0.001000s ]
INFO: [ app_begin ] --END-- [ RunTime:0.001000s ]
SQL: SHOW COLUMNS FROM `user` [ RunTime:0.004000s ]
NOTIC: [8] Undefined index: username D:\WWW\Blog\Admin\Lib\Action\IndexAction.class.php 第 51 行.
SQL: SELECT COUNT(*) AS tp_count FROM `user` WHERE ( `username` = null ) LIMIT 1   [ RunTime:0.000000s ]

[ 2017-01-06T20:01:08+08:00 ] 0.0.0.0 /Blog/admin.php/Index/doreg
INFO: [ app_begin ] --START--
INFO: Run ReadHtmlCache Behavior [ RunTime:0.001000s ]
INFO: [ app_begin ] --END-- [ RunTime:0.001000s ]
SQL: SHOW COLUMNS FROM `user` [ RunTime:0.004000s ]
NOTIC: [8] Undefined index: username D:\WWW\Blog\Admin\Lib\Action\IndexAction.class.php 第 51 行.
SQL: SELECT COUNT(*) AS tp_count FROM `user` WHERE ( `username` = null ) LIMIT 1   [ RunTime:0.001000s ]

[ 2017-01-06T20:01:16+08:00 ] 0.0.0.0 /Blog/admin.php/Index/doreg
INFO: [ app_begin ] --START--
INFO: Run ReadHtmlCache Behavior [ RunTime:0.000000s ]
INFO: [ app_begin ] --END-- [ RunTime:0.001000s ]
SQL: SHOW COLUMNS FROM `user` [ RunTime:0.004001s ]
NOTIC: [8] Undefined index: username D:\WWW\Blog\Admin\Lib\Action\IndexAction.class.php 第 51 行.
SQL: SELECT COUNT(*) AS tp_count FROM `user` WHERE ( `username` = null ) LIMIT 1   [ RunTime:0.001000s ]

[ 2017-01-06T20:02:06+08:00 ] 0.0.0.0 /Blog/admin.php/Index/doreg
INFO: [ app_begin ] --START--
INFO: Run ReadHtmlCache Behavior [ RunTime:0.001000s ]
INFO: [ app_begin ] --END-- [ RunTime:0.001000s ]
SQL: SHOW COLUMNS FROM `user` [ RunTime:0.004001s ]
NOTIC: [8] Undefined index: username D:\WWW\Blog\Admin\Lib\Action\IndexAction.class.php 第 51 行.
SQL: SELECT COUNT(*) AS tp_count FROM `user` WHERE ( `username` = null ) LIMIT 1   [ RunTime:0.001000s ]

[ 2017-01-06T20:03:20+08:00 ] 0.0.0.0 /Blog/admin.php/Index/doreg
INFO: [ app_begin ] --START--
INFO: Run ReadHtmlCache Behavior [ RunTime:0.001000s ]
INFO: [ app_begin ] --END-- [ RunTime:0.001000s ]
SQL: SHOW COLUMNS FROM `user` [ RunTime:0.004000s ]
NOTIC: [8] Undefined index: username D:\WWW\Blog\Admin\Lib\Action\IndexAction.class.php 第 51 行.
SQL: SELECT COUNT(*) AS tp_count FROM `user` WHERE ( `username` = null ) LIMIT 1   [ RunTime:0.000000s ]

[ 2017-01-06T20:04:12+08:00 ] 0.0.0.0 /Blog/admin.php/Index/doreg
INFO: [ app_begin ] --START--
INFO: Run ReadHtmlCache Behavior [ RunTime:0.001000s ]
INFO: [ app_begin ] --END-- [ RunTime:0.001000s ]
SQL: SHOW COLUMNS FROM `user` [ RunTime:0.004000s ]
NOTIC: [8] Undefined index: username D:\WWW\Blog\Admin\Lib\Action\IndexAction.class.php 第 51 行.
SQL: SELECT COUNT(*) AS tp_count FROM `user` WHERE ( `username` = null ) LIMIT 1   [ RunTime:0.000000s ]

[ 2017-01-06T20:04:18+08:00 ] 0.0.0.0 /Blog/admin.php/Index/doreg
INFO: [ app_begin ] --START--
INFO: Run ReadHtmlCache Behavior [ RunTime:0.001000s ]
INFO: [ app_begin ] --END-- [ RunTime:0.001000s ]
SQL: SHOW COLUMNS FROM `user` [ RunTime:0.004001s ]
NOTIC: [8] Undefined index: username D:\WWW\Blog\Admin\Lib\Action\IndexAction.class.php 第 51 行.
SQL: SELECT COUNT(*) AS tp_count FROM `user` WHERE ( `username` = null ) LIMIT 1   [ RunTime:0.000000s ]

[ 2017-01-06T20:04:22+08:00 ] 0.0.0.0 /Blog/admin.php/Index/doreg
INFO: [ app_begin ] --START--
INFO: Run ReadHtmlCache Behavior [ RunTime:0.001000s ]
INFO: [ app_begin ] --END-- [ RunTime:0.001000s ]
SQL: SHOW COLUMNS FROM `user` [ RunTime:0.004000s ]
NOTIC: [8] Undefined index: username D:\WWW\Blog\Admin\Lib\Action\IndexAction.class.php 第 51 行.
SQL: SELECT COUNT(*) AS tp_count FROM `user` WHERE ( `username` = null ) LIMIT 1   [ RunTime:0.000000s ]

[ 2017-01-06T20:04:36+08:00 ] 0.0.0.0 /Blog/admin.php/Index/doreg
INFO: [ app_begin ] --START--
INFO: Run ReadHtmlCache Behavior [ RunTime:0.001000s ]
INFO: [ app_begin ] --END-- [ RunTime:0.001000s ]
SQL: SHOW COLUMNS FROM `user` [ RunTime:0.004001s ]
NOTIC: [8] Undefined index: username D:\WWW\Blog\Admin\Lib\Action\IndexAction.class.php 第 51 行.
SQL: SELECT COUNT(*) AS tp_count FROM `user` WHERE ( `username` = null ) LIMIT 1   [ RunTime:0.001000s ]

[ 2017-01-06T20:05:39+08:00 ] 0.0.0.0 /Blog/admin.php/Index/doreg
INFO: [ app_begin ] --START--
INFO: Run ReadHtmlCache Behavior [ RunTime:0.001000s ]
INFO: [ app_begin ] --END-- [ RunTime:0.001000s ]
SQL: SHOW COLUMNS FROM `user` [ RunTime:0.004000s ]
NOTIC: [8] Undefined index: username D:\WWW\Blog\Admin\Lib\Action\IndexAction.class.php 第 51 行.
SQL: SELECT COUNT(*) AS tp_count FROM `user` WHERE ( `username` = null ) LIMIT 1   [ RunTime:0.000000s ]

[ 2017-01-06T20:06:25+08:00 ] 0.0.0.0 /Blog/admin.php/Index/doreg
INFO: [ app_begin ] --START--
INFO: Run ReadHtmlCache Behavior [ RunTime:0.001001s ]
INFO: [ app_begin ] --END-- [ RunTime:0.001001s ]
SQL: SHOW COLUMNS FROM `user` [ RunTime:0.005000s ]
NOTIC: [8] Undefined index: username D:\WWW\Blog\Admin\Lib\Action\IndexAction.class.php 第 51 行.
SQL: SELECT COUNT(*) AS tp_count FROM `user` WHERE ( `username` = null ) LIMIT 1   [ RunTime:0.001000s ]

[ 2017-01-06T20:07:18+08:00 ] 0.0.0.0 /Blog/admin.php/Index/doreg?username=jiawei1
INFO: [ app_begin ] --START--
INFO: Run ReadHtmlCache Behavior [ RunTime:0.001000s ]
INFO: [ app_begin ] --END-- [ RunTime:0.001000s ]
SQL: SHOW COLUMNS FROM `user` [ RunTime:0.004000s ]
SQL: SELECT COUNT(*) AS tp_count FROM `user` WHERE ( `username` = 'jiawei1' ) LIMIT 1   [ RunTime:0.000000s ]

[ 2017-01-06T20:07:28+08:00 ] 0.0.0.0 /Blog/admin.php/Index/doreg?username=jiawei1234
INFO: [ app_begin ] --START--
INFO: Run ReadHtmlCache Behavior [ RunTime:0.001000s ]
INFO: [ app_begin ] --END-- [ RunTime:0.001000s ]
SQL: SHOW COLUMNS FROM `user` [ RunTime:0.004000s ]
SQL: SELECT COUNT(*) AS tp_count FROM `user` WHERE ( `username` = 'jiawei1234' ) LIMIT 1   [ RunTime:0.000000s ]

[ 2017-01-06T20:07:54+08:00 ] 0.0.0.0 /Blog/admin.php/Index/doreg?username=
INFO: [ app_begin ] --START--
INFO: Run ReadHtmlCache Behavior [ RunTime:0.002000s ]
INFO: [ app_begin ] --END-- [ RunTime:0.002000s ]
SQL: SHOW COLUMNS FROM `user` [ RunTime:0.007000s ]
SQL: SELECT COUNT(*) AS tp_count FROM `user` WHERE ( `username` = '' ) LIMIT 1   [ RunTime:0.000000s ]

[ 2017-01-06T20:08:27+08:00 ] 0.0.0.0 /Blog/admin.php/Index/doreg?username=
INFO: [ app_begin ] --START--
INFO: Run ReadHtmlCache Behavior [ RunTime:0.001000s ]
INFO: [ app_begin ] --END-- [ RunTime:0.001000s ]
SQL: SHOW COLUMNS FROM `user` [ RunTime:0.008001s ]
SQL: SELECT COUNT(*) AS tp_count FROM `user` WHERE ( `username` = '' ) LIMIT 1   [ RunTime:0.000000s ]

[ 2017-01-06T20:16:10+08:00 ] 0.0.0.0 /Blog/admin.php/Index/doreg?username=jiawei1
INFO: [ app_begin ] --START--
INFO: Run ReadHtmlCache Behavior [ RunTime:0.000000s ]
INFO: [ app_begin ] --END-- [ RunTime:0.000000s ]
SQL: SHOW COLUMNS FROM `user` [ RunTime:0.004000s ]
SQL: SELECT COUNT(*) AS tp_count FROM `user` WHERE ( `username` = 'jiawei1' ) LIMIT 1   [ RunTime:0.000000s ]

[ 2017-01-06T20:16:26+08:00 ] 0.0.0.0 /Blog/admin.php/Index/doreg?username=
INFO: [ app_begin ] --START--
INFO: Run ReadHtmlCache Behavior [ RunTime:0.001000s ]
INFO: [ app_begin ] --END-- [ RunTime:0.001000s ]
SQL: SHOW COLUMNS FROM `user` [ RunTime:0.004000s ]
SQL: SELECT COUNT(*) AS tp_count FROM `user` WHERE ( `username` = '' ) LIMIT 1   [ RunTime:0.000000s ]

[ 2017-01-06T20:16:43+08:00 ] 0.0.0.0 /Blog/admin.php/Index/doreg?username=123123
INFO: [ app_begin ] --START--
INFO: Run ReadHtmlCache Behavior [ RunTime:0.002000s ]
INFO: [ app_begin ] --END-- [ RunTime:0.002000s ]
SQL: SHOW COLUMNS FROM `user` [ RunTime:0.004001s ]
SQL: SELECT COUNT(*) AS tp_count FROM `user` WHERE ( `username` = '123123' ) LIMIT 1   [ RunTime:0.000000s ]

[ 2017-01-06T20:16:57+08:00 ] 0.0.0.0 /Blog/admin.php/Index/doreg?username=1212
INFO: [ app_begin ] --START--
INFO: Run ReadHtmlCache Behavior [ RunTime:0.000000s ]
INFO: [ app_begin ] --END-- [ RunTime:0.000000s ]
SQL: SHOW COLUMNS FROM `user` [ RunTime:0.004001s ]
SQL: SELECT COUNT(*) AS tp_count FROM `user` WHERE ( `username` = '1212' ) LIMIT 1   [ RunTime:0.000000s ]

[ 2017-01-06T20:17:21+08:00 ] 0.0.0.0 /Blog/admin.php/Index/doreg?username=123321
INFO: [ app_begin ] --START--
INFO: Run ReadHtmlCache Behavior [ RunTime:0.001000s ]
INFO: [ app_begin ] --END-- [ RunTime:0.002000s ]
SQL: SHOW COLUMNS FROM `user` [ RunTime:0.004001s ]
SQL: SELECT COUNT(*) AS tp_count FROM `user` WHERE ( `username` = '123321' ) LIMIT 1   [ RunTime:0.001000s ]

[ 2017-01-06T20:17:43+08:00 ] 0.0.0.0 /Blog/admin.php/Index/doreg?username=
INFO: [ app_begin ] --START--
INFO: Run ReadHtmlCache Behavior [ RunTime:0.001000s ]
INFO: [ app_begin ] --END-- [ RunTime:0.001000s ]
SQL: SHOW COLUMNS FROM `user` [ RunTime:0.005000s ]
SQL: SELECT COUNT(*) AS tp_count FROM `user` WHERE ( `username` = '' ) LIMIT 1   [ RunTime:0.000000s ]

[ 2017-01-06T20:23:51+08:00 ] 0.0.0.0 /Blog/admin.php/Index/doreg?username=jiawei
INFO: [ app_begin ] --START--
INFO: Run ReadHtmlCache Behavior [ RunTime:0.001000s ]
INFO: [ app_begin ] --END-- [ RunTime:0.001000s ]
SQL: SHOW COLUMNS FROM `user` [ RunTime:0.004001s ]
SQL: SELECT COUNT(*) AS tp_count FROM `user` WHERE ( `username` = 'jiawei' ) LIMIT 1   [ RunTime:0.001000s ]

[ 2017-01-06T20:24:05+08:00 ] 0.0.0.0 /Blog/admin.php/Index/doreg?username=jiawei
INFO: [ app_begin ] --START--
INFO: Run ReadHtmlCache Behavior [ RunTime:0.001000s ]
INFO: [ app_begin ] --END-- [ RunTime:0.001000s ]
SQL: SHOW COLUMNS FROM `user` [ RunTime:0.004000s ]
SQL: SELECT COUNT(*) AS tp_count FROM `user` WHERE ( `username` = 'jiawei' ) LIMIT 1   [ RunTime:0.000000s ]

[ 2017-01-06T20:24:16+08:00 ] 0.0.0.0 /Blog/admin.php/Index/doreg?username=jiawei1
INFO: [ app_begin ] --START--
INFO: Run ReadHtmlCache Behavior [ RunTime:0.000000s ]
INFO: [ app_begin ] --END-- [ RunTime:0.000000s ]
SQL: SHOW COLUMNS FROM `user` [ RunTime:0.004000s ]
SQL: SELECT COUNT(*) AS tp_count FROM `user` WHERE ( `username` = 'jiawei1' ) LIMIT 1   [ RunTime:0.001001s ]

[ 2017-01-06T20:24:35+08:00 ] 0.0.0.0 /Blog/admin.php/Index/doreg?username=jiawei1123
INFO: [ app_begin ] --START--
INFO: Run ReadHtmlCache Behavior [ RunTime:0.001000s ]
INFO: [ app_begin ] --END-- [ RunTime:0.001000s ]
SQL: SHOW COLUMNS FROM `user` [ RunTime:0.003000s ]
SQL: SELECT COUNT(*) AS tp_count FROM `user` WHERE ( `username` = 'jiawei1123' ) LIMIT 1   [ RunTime:0.000000s ]

[ 2017-01-06T21:59:46+08:00 ] 0.0.0.0 /Blog/admin.php/Index/del?ppp=0.6747621527003993bb
INFO: [ app_begin ] --START--
INFO: Run ReadHtmlCache Behavior [ RunTime:0.001000s ]
INFO: [ app_begin ] --END-- [ RunTime:0.001000s ]
SQL: SHOW COLUMNS FROM `message` [ RunTime:0.004000s ]
SQL: DELETE FROM `message` WHERE ( id=47 ) [ RunTime:0.000000s ]
SQL: SHOW COLUMNS FROM `comment` [ RunTime:0.005000s ]
SQL: DELETE FROM `comment` WHERE ( mid=47 ) [ RunTime:0.001000s ]

[ 2017-01-06T22:03:50+08:00 ] 0.0.0.0 /Blog/admin.php/Index/doshowsinglecmt?ID=0.12060086090416244bb
INFO: [ app_begin ] --START--
INFO: Run ReadHtmlCache Behavior [ RunTime:0.001000s ]
INFO: [ app_begin ] --END-- [ RunTime:0.001000s ]
SQL: SHOW COLUMNS FROM `comment` [ RunTime:0.004000s ]
SQL: UPDATE `comment` SET `show`=1,`isnew`=0 WHERE ( id=147 ) [ RunTime:0.000000s ]

[ 2017-01-06T22:16:09+08:00 ] 0.0.0.0 /Blog/admin.php/Index/doshowsinglecmt?ID=0.3971874594599123bb
INFO: [ app_begin ] --START--
INFO: Run ReadHtmlCache Behavior [ RunTime:0.001001s ]
INFO: [ app_begin ] --END-- [ RunTime:0.001001s ]
SQL: SHOW COLUMNS FROM `comment` [ RunTime:0.008000s ]
SQL: UPDATE `comment` SET `show`=1,`isnew`=0 WHERE ( id=148 ) [ RunTime:0.000000s ]

[ 2017-01-06T22:21:43+08:00 ] 0.0.0.0 /Blog/admin.php/Index/doshowsinglecmt?ID=0.15765746558494287bb
INFO: [ app_begin ] --START--
INFO: Run ReadHtmlCache Behavior [ RunTime:0.001000s ]
INFO: [ app_begin ] --END-- [ RunTime:0.001000s ]
SQL: SHOW COLUMNS FROM `comment` [ RunTime:0.004001s ]
SQL: UPDATE `comment` SET `show`=1,`isnew`=0 WHERE ( id=149 ) [ RunTime:0.001000s ]

[ 2017-01-06T22:27:58+08:00 ] 0.0.0.0 /Blog/admin.php/Index/doshowsinglecmt?ID=0.09531533382421498bb
INFO: [ app_begin ] --START--
INFO: Run ReadHtmlCache Behavior [ RunTime:0.000000s ]
INFO: [ app_begin ] --END-- [ RunTime:0.000000s ]
SQL: SHOW COLUMNS FROM `comment` [ RunTime:0.004000s ]
SQL: UPDATE `comment` SET `show`=1,`isnew`=0 WHERE ( id=150 ) [ RunTime:0.000000s ]

[ 2017-01-06T22:28:02+08:00 ] 0.0.0.0 /Blog/admin.php/Index/doshowsinglecmt?ID=0.015244943041655912bb
INFO: [ app_begin ] --START--
INFO: Run ReadHtmlCache Behavior [ RunTime:0.000000s ]
INFO: [ app_begin ] --END-- [ RunTime:0.000000s ]
SQL: SHOW COLUMNS FROM `comment` [ RunTime:0.005001s ]
SQL: UPDATE `comment` SET `show`=1,`isnew`=0 WHERE ( id=151 ) [ RunTime:0.000000s ]

[ 2017-01-06T22:34:39+08:00 ] 0.0.0.0 /Blog/admin.php/Index/doshowsinglecmt?ID=0.902437945649008bb
INFO: [ app_begin ] --START--
INFO: Run ReadHtmlCache Behavior [ RunTime:0.001000s ]
INFO: [ app_begin ] --END-- [ RunTime:0.001000s ]
SQL: SHOW COLUMNS FROM `comment` [ RunTime:0.004000s ]
SQL: UPDATE `comment` SET `show`=1,`isnew`=0 WHERE ( id=152 ) [ RunTime:0.001000s ]

[ 2017-01-06T22:35:52+08:00 ] 0.0.0.0 /Blog/admin.php/Index/doshowsinglecmt?ID=0.7368311872966181bb
INFO: [ app_begin ] --START--
INFO: Run ReadHtmlCache Behavior [ RunTime:0.000000s ]
INFO: [ app_begin ] --END-- [ RunTime:0.000000s ]
SQL: SHOW COLUMNS FROM `comment` [ RunTime:0.005000s ]
SQL: UPDATE `comment` SET `show`=1,`isnew`=0 WHERE ( id=154 ) [ RunTime:0.000000s ]

[ 2017-01-06T22:36:54+08:00 ] 0.0.0.0 /Blog/admin.php/Index/doshowsinglecmt?ID=0.9444154246445806bb
INFO: [ app_begin ] --START--
INFO: Run ReadHtmlCache Behavior [ RunTime:0.000000s ]
INFO: [ app_begin ] --END-- [ RunTime:0.001000s ]
SQL: SHOW COLUMNS FROM `comment` [ RunTime:0.009001s ]
SQL: UPDATE `comment` SET `show`=0,`isnew`=0 WHERE ( id=153 ) [ RunTime:0.002000s ]

[ 2017-01-06T22:38:45+08:00 ] 0.0.0.0 /Blog/admin.php/Index/doshowsinglecmt?ID=0.23126288072410683bb
INFO: [ app_begin ] --START--
INFO: Run ReadHtmlCache Behavior [ RunTime:0.000000s ]
INFO: [ app_begin ] --END-- [ RunTime:0.001000s ]
SQL: SHOW COLUMNS FROM `comment` [ RunTime:0.004000s ]
SQL: UPDATE `comment` SET `show`=0,`isnew`=0 WHERE ( id=156 ) [ RunTime:0.001000s ]

[ 2017-01-06T22:41:55+08:00 ] 0.0.0.0 /Blog/admin.php/Index/doshowsinglecmt?ID=0.2706023966607396bb
INFO: [ app_begin ] --START--
INFO: Run ReadHtmlCache Behavior [ RunTime:0.001000s ]
INFO: [ app_begin ] --END-- [ RunTime:0.001000s ]
SQL: SHOW COLUMNS FROM `comment` [ RunTime:0.004000s ]
SQL: DELETE FROM `comment` WHERE ( id=155 ) [ RunTime:0.000000s ]
SQL: UPDATE `comment` SET `show`=0,`isnew`=0 WHERE ( id=155 ) [ RunTime:0.000000s ]

