[ 2016-12-24T12:56:30+08:00 ] 0.0.0.0 /Blog/home.php/Register/docheck?username=
INFO: [ app_begin ] --START--
INFO: Run ReadHtmlCache Behavior [ RunTime:0.001000s ]
INFO: [ app_begin ] --END-- [ RunTime:0.001000s ]
SQL: SHOW COLUMNS FROM `user` [ RunTime:0.004000s ]
SQL: SELECT COUNT(*) AS tp_count FROM `user` WHERE ( `username` = '' ) LIMIT 1   [ RunTime:0.033002s ]

[ 2016-12-24T12:56:31+08:00 ] 0.0.0.0 /Blog/home.php/Register/docheck?username=
INFO: [ app_begin ] --START--
INFO: Run ReadHtmlCache Behavior [ RunTime:0.001000s ]
INFO: [ app_begin ] --END-- [ RunTime:0.001000s ]
SQL: SHOW COLUMNS FROM `user` [ RunTime:0.003000s ]
SQL: SELECT COUNT(*) AS tp_count FROM `user` WHERE ( `username` = '' ) LIMIT 1   [ RunTime:0.000000s ]

[ 2016-12-24T12:56:33+08:00 ] 0.0.0.0 /Blog/home.php/Register/docheck?username=
INFO: [ app_begin ] --START--
INFO: Run ReadHtmlCache Behavior [ RunTime:0.000000s ]
INFO: [ app_begin ] --END-- [ RunTime:0.000000s ]
SQL: SHOW COLUMNS FROM `user` [ RunTime:0.003001s ]
SQL: SELECT COUNT(*) AS tp_count FROM `user` WHERE ( `username` = '' ) LIMIT 1   [ RunTime:0.001000s ]

[ 2016-12-24T19:40:45+08:00 ] 0.0.0.0 /Blog/home.php/Register/docheck?username=
INFO: [ app_begin ] --START--
INFO: Run ReadHtmlCache Behavior [ RunTime:0.000000s ]
INFO: [ app_begin ] --END-- [ RunTime:0.000000s ]
SQL: SHOW COLUMNS FROM `user` [ RunTime:0.005000s ]
SQL: SELECT COUNT(*) AS tp_count FROM `user` WHERE ( `username` = '' ) LIMIT 1   [ RunTime:0.000000s ]

[ 2016-12-24T19:40:47+08:00 ] 0.0.0.0 /Blog/home.php/Register/docheck?username=
INFO: [ app_begin ] --START--
INFO: Run ReadHtmlCache Behavior [ RunTime:0.000000s ]
INFO: [ app_begin ] --END-- [ RunTime:0.000000s ]
SQL: SHOW COLUMNS FROM `user` [ RunTime:0.003000s ]
SQL: SELECT COUNT(*) AS tp_count FROM `user` WHERE ( `username` = '' ) LIMIT 1   [ RunTime:0.001001s ]

[ 2016-12-24T19:40:49+08:00 ] 0.0.0.0 /Blog/home.php/Register/docheck?username=
INFO: [ app_begin ] --START--
INFO: Run ReadHtmlCache Behavior [ RunTime:0.001000s ]
INFO: [ app_begin ] --END-- [ RunTime:0.001000s ]
SQL: SHOW COLUMNS FROM `user` [ RunTime:0.003000s ]
SQL: SELECT COUNT(*) AS tp_count FROM `user` WHERE ( `username` = '' ) LIMIT 1   [ RunTime:0.000000s ]

[ 2016-12-24T19:40:53+08:00 ] 0.0.0.0 /Blog/home.php/Register/docheck?username=
INFO: [ app_begin ] --START--
INFO: Run ReadHtmlCache Behavior [ RunTime:0.001000s ]
INFO: [ app_begin ] --END-- [ RunTime:0.001000s ]
SQL: SHOW COLUMNS FROM `user` [ RunTime:0.003000s ]
SQL: SELECT COUNT(*) AS tp_count FROM `user` WHERE ( `username` = '' ) LIMIT 1   [ RunTime:0.000000s ]

[ 2016-12-24T19:41:09+08:00 ] 0.0.0.0 /Blog/home.php/Register/docheck?username=
INFO: [ app_begin ] --START--
INFO: Run ReadHtmlCache Behavior [ RunTime:0.001000s ]
INFO: [ app_begin ] --END-- [ RunTime:0.001000s ]
SQL: SHOW COLUMNS FROM `user` [ RunTime:0.004000s ]
SQL: SELECT COUNT(*) AS tp_count FROM `user` WHERE ( `username` = '' ) LIMIT 1   [ RunTime:0.000000s ]

[ 2016-12-24T19:41:40+08:00 ] 0.0.0.0 /Blog/home.php/Register/docheck?username=
INFO: [ app_begin ] --START--
INFO: Run ReadHtmlCache Behavior [ RunTime:0.001000s ]
INFO: [ app_begin ] --END-- [ RunTime:0.001000s ]
SQL: SHOW COLUMNS FROM `user` [ RunTime:0.003000s ]
SQL: SELECT COUNT(*) AS tp_count FROM `user` WHERE ( `username` = '' ) LIMIT 1   [ RunTime:0.001000s ]

[ 2016-12-24T19:41:46+08:00 ] 0.0.0.0 /Blog/home.php/Register/docheck?username=
INFO: [ app_begin ] --START--
INFO: Run ReadHtmlCache Behavior [ RunTime:0.001000s ]
INFO: [ app_begin ] --END-- [ RunTime:0.001000s ]
SQL: SHOW COLUMNS FROM `user` [ RunTime:0.004001s ]
SQL: SELECT COUNT(*) AS tp_count FROM `user` WHERE ( `username` = '' ) LIMIT 1   [ RunTime:0.000000s ]

[ 2016-12-24T19:41:59+08:00 ] 0.0.0.0 /Blog/home.php/Register/docheck?username=
INFO: [ app_begin ] --START--
INFO: Run ReadHtmlCache Behavior [ RunTime:0.006000s ]
INFO: [ app_begin ] --END-- [ RunTime:0.006000s ]
SQL: SHOW COLUMNS FROM `user` [ RunTime:0.005001s ]
SQL: SELECT COUNT(*) AS tp_count FROM `user` WHERE ( `username` = '' ) LIMIT 1   [ RunTime:0.001000s ]

[ 2016-12-24T19:52:51+08:00 ] 0.0.0.0 /Blog/home.php/Register/docheck?username=
INFO: [ app_begin ] --START--
INFO: Run ReadHtmlCache Behavior [ RunTime:0.000000s ]
INFO: [ app_begin ] --END-- [ RunTime:0.000000s ]
SQL: SHOW COLUMNS FROM `user` [ RunTime:0.004000s ]
SQL: SELECT COUNT(*) AS tp_count FROM `user` WHERE ( `username` = '' ) LIMIT 1   [ RunTime:0.000000s ]

[ 2016-12-24T19:53:07+08:00 ] 0.0.0.0 /Blog/home.php/Register/docheck?username=
INFO: [ app_begin ] --START--
INFO: Run ReadHtmlCache Behavior [ RunTime:0.000000s ]
INFO: [ app_begin ] --END-- [ RunTime:0.000000s ]
SQL: SHOW COLUMNS FROM `user` [ RunTime:0.003000s ]
SQL: SELECT COUNT(*) AS tp_count FROM `user` WHERE ( `username` = '' ) LIMIT 1   [ RunTime:0.000000s ]

[ 2016-12-24T19:53:21+08:00 ] 0.0.0.0 /Blog/home.php/Register/docheck?username=
INFO: [ app_begin ] --START--
INFO: Run ReadHtmlCache Behavior [ RunTime:0.001000s ]
INFO: [ app_begin ] --END-- [ RunTime:0.001000s ]
SQL: SHOW COLUMNS FROM `user` [ RunTime:0.003001s ]
SQL: SELECT COUNT(*) AS tp_count FROM `user` WHERE ( `username` = '' ) LIMIT 1   [ RunTime:0.001000s ]

[ 2016-12-24T19:57:21+08:00 ] 0.0.0.0 /Blog/home.php/Register/docheck?username=
INFO: [ app_begin ] --START--
INFO: Run ReadHtmlCache Behavior [ RunTime:0.001000s ]
INFO: [ app_begin ] --END-- [ RunTime:0.001000s ]
SQL: SHOW COLUMNS FROM `user` [ RunTime:0.004000s ]
SQL: SELECT COUNT(*) AS tp_count FROM `user` WHERE ( `username` = '' ) LIMIT 1   [ RunTime:0.000000s ]

[ 2016-12-24T19:59:29+08:00 ] 0.0.0.0 /Blog/home.php/Register/docheck?username=
INFO: [ app_begin ] --START--
INFO: Run ReadHtmlCache Behavior [ RunTime:0.001000s ]
INFO: [ app_begin ] --END-- [ RunTime:0.001000s ]
SQL: SHOW COLUMNS FROM `user` [ RunTime:0.003000s ]
SQL: SELECT COUNT(*) AS tp_count FROM `user` WHERE ( `username` = '' ) LIMIT 1   [ RunTime:0.000000s ]

[ 2016-12-24T20:01:48+08:00 ] 0.0.0.0 /Blog/home.php/Register/docheck?username=
INFO: [ app_begin ] --START--
INFO: Run ReadHtmlCache Behavior [ RunTime:0.000000s ]
INFO: [ app_begin ] --END-- [ RunTime:0.000000s ]
SQL: SHOW COLUMNS FROM `user` [ RunTime:0.004000s ]
SQL: SELECT COUNT(*) AS tp_count FROM `user` WHERE ( `username` = '' ) LIMIT 1   [ RunTime:0.000000s ]

[ 2016-12-24T20:01:53+08:00 ] 0.0.0.0 /Blog/home.php/Register/docheck?username=
INFO: [ app_begin ] --START--
INFO: Run ReadHtmlCache Behavior [ RunTime:0.000000s ]
INFO: [ app_begin ] --END-- [ RunTime:0.000000s ]
SQL: SHOW COLUMNS FROM `user` [ RunTime:0.003000s ]
SQL: SELECT COUNT(*) AS tp_count FROM `user` WHERE ( `username` = '' ) LIMIT 1   [ RunTime:0.000000s ]

[ 2016-12-24T20:04:17+08:00 ] 0.0.0.0 /Blog/home.php/Register/docheck?username=
INFO: [ app_begin ] --START--
INFO: Run ReadHtmlCache Behavior [ RunTime:0.001001s ]
INFO: [ app_begin ] --END-- [ RunTime:0.001001s ]
SQL: SHOW COLUMNS FROM `user` [ RunTime:0.004001s ]
SQL: SELECT COUNT(*) AS tp_count FROM `user` WHERE ( `username` = '' ) LIMIT 1   [ RunTime:0.001000s ]

[ 2016-12-24T20:05:03+08:00 ] 0.0.0.0 /Blog/home.php/Register/docheck?username=
INFO: [ app_begin ] --START--
INFO: Run ReadHtmlCache Behavior [ RunTime:0.001000s ]
INFO: [ app_begin ] --END-- [ RunTime:0.001000s ]
SQL: SHOW COLUMNS FROM `user` [ RunTime:0.004000s ]
SQL: SELECT COUNT(*) AS tp_count FROM `user` WHERE ( `username` = '' ) LIMIT 1   [ RunTime:0.000000s ]

[ 2016-12-24T20:05:44+08:00 ] 0.0.0.0 /Blog/home.php/Register/docheck?username=
INFO: [ app_begin ] --START--
INFO: Run ReadHtmlCache Behavior [ RunTime:0.002000s ]
INFO: [ app_begin ] --END-- [ RunTime:0.002000s ]
SQL: SHOW COLUMNS FROM `user` [ RunTime:0.003000s ]
SQL: SELECT COUNT(*) AS tp_count FROM `user` WHERE ( `username` = '' ) LIMIT 1   [ RunTime:0.000000s ]

[ 2016-12-24T20:07:17+08:00 ] 0.0.0.0 /Blog/home.php/Register/docheck?username=
INFO: [ app_begin ] --START--
INFO: Run ReadHtmlCache Behavior [ RunTime:0.001000s ]
INFO: [ app_begin ] --END-- [ RunTime:0.001000s ]
SQL: SHOW COLUMNS FROM `user` [ RunTime:0.003000s ]
SQL: SELECT COUNT(*) AS tp_count FROM `user` WHERE ( `username` = '' ) LIMIT 1   [ RunTime:0.000000s ]

[ 2016-12-24T20:07:23+08:00 ] 0.0.0.0 /Blog/home.php/Register/docheck?username=
INFO: [ app_begin ] --START--
INFO: Run ReadHtmlCache Behavior [ RunTime:0.002000s ]
INFO: [ app_begin ] --END-- [ RunTime:0.002000s ]
SQL: SHOW COLUMNS FROM `user` [ RunTime:0.008001s ]
SQL: SELECT COUNT(*) AS tp_count FROM `user` WHERE ( `username` = '' ) LIMIT 1   [ RunTime:0.001000s ]

[ 2016-12-24T20:07:43+08:00 ] 0.0.0.0 /Blog/home.php/Register/docheck?username=
INFO: [ app_begin ] --START--
INFO: Run ReadHtmlCache Behavior [ RunTime:0.000000s ]
INFO: [ app_begin ] --END-- [ RunTime:0.000000s ]
SQL: SHOW COLUMNS FROM `user` [ RunTime:0.003000s ]
SQL: SELECT COUNT(*) AS tp_count FROM `user` WHERE ( `username` = '' ) LIMIT 1   [ RunTime:0.001000s ]

[ 2016-12-24T20:08:20+08:00 ] 0.0.0.0 /Blog/home.php/Register/docheck?username=
INFO: [ app_begin ] --START--
INFO: Run ReadHtmlCache Behavior [ RunTime:0.001000s ]
INFO: [ app_begin ] --END-- [ RunTime:0.001000s ]
SQL: SHOW COLUMNS FROM `user` [ RunTime:0.003000s ]
SQL: SELECT COUNT(*) AS tp_count FROM `user` WHERE ( `username` = '' ) LIMIT 1   [ RunTime:0.001000s ]

[ 2016-12-24T20:10:26+08:00 ] 0.0.0.0 /Blog/home.php/Register/docheck?username=
INFO: [ app_begin ] --START--
INFO: Run ReadHtmlCache Behavior [ RunTime:0.000000s ]
INFO: [ app_begin ] --END-- [ RunTime:0.000000s ]
SQL: SHOW COLUMNS FROM `user` [ RunTime:0.003001s ]
SQL: SELECT COUNT(*) AS tp_count FROM `user` WHERE ( `username` = '' ) LIMIT 1   [ RunTime:0.001000s ]

[ 2016-12-24T20:10:27+08:00 ] 0.0.0.0 /Blog/home.php/Register/docheck?username=
INFO: [ app_begin ] --START--
INFO: Run ReadHtmlCache Behavior [ RunTime:0.000000s ]
INFO: [ app_begin ] --END-- [ RunTime:0.000000s ]
SQL: SHOW COLUMNS FROM `user` [ RunTime:0.004000s ]
SQL: SELECT COUNT(*) AS tp_count FROM `user` WHERE ( `username` = '' ) LIMIT 1   [ RunTime:0.000000s ]

[ 2016-12-24T20:17:51+08:00 ] 0.0.0.0 /Blog/home.php/Register/docheck?username=
INFO: [ app_begin ] --START--
INFO: Run ReadHtmlCache Behavior [ RunTime:0.001000s ]
INFO: [ app_begin ] --END-- [ RunTime:0.001000s ]
SQL: SHOW COLUMNS FROM `user` [ RunTime:0.003000s ]
SQL: SELECT COUNT(*) AS tp_count FROM `user` WHERE ( `username` = '' ) LIMIT 1   [ RunTime:0.000000s ]

[ 2016-12-24T20:18:31+08:00 ] 0.0.0.0 /Blog/home.php/Register/docheck?username=
INFO: [ app_begin ] --START--
INFO: Run ReadHtmlCache Behavior [ RunTime:0.000000s ]
INFO: [ app_begin ] --END-- [ RunTime:0.001000s ]
SQL: SHOW COLUMNS FROM `user` [ RunTime:0.020001s ]
SQL: SELECT COUNT(*) AS tp_count FROM `user` WHERE ( `username` = '' ) LIMIT 1   [ RunTime:0.000000s ]

[ 2016-12-24T20:18:33+08:00 ] 0.0.0.0 /Blog/home.php/Register/docheck?username=
INFO: [ app_begin ] --START--
INFO: Run ReadHtmlCache Behavior [ RunTime:0.000000s ]
INFO: [ app_begin ] --END-- [ RunTime:0.000000s ]
SQL: SHOW COLUMNS FROM `user` [ RunTime:0.004000s ]
SQL: SELECT COUNT(*) AS tp_count FROM `user` WHERE ( `username` = '' ) LIMIT 1   [ RunTime:0.001000s ]

[ 2016-12-24T20:20:40+08:00 ] 0.0.0.0 /Blog/home.php/Register/docheck?username=dasds
INFO: [ app_begin ] --START--
INFO: Run ReadHtmlCache Behavior [ RunTime:0.000000s ]
INFO: [ app_begin ] --END-- [ RunTime:0.000000s ]
SQL: SHOW COLUMNS FROM `user` [ RunTime:0.003000s ]
SQL: SELECT COUNT(*) AS tp_count FROM `user` WHERE ( `username` = 'dasds' ) LIMIT 1   [ RunTime:0.000000s ]

[ 2016-12-24T20:22:26+08:00 ] 0.0.0.0 /Blog/home.php/Register/docheck?username=dasds
INFO: [ app_begin ] --START--
INFO: Run ReadHtmlCache Behavior [ RunTime:0.000000s ]
INFO: [ app_begin ] --END-- [ RunTime:0.001000s ]
SQL: SHOW COLUMNS FROM `user` [ RunTime:0.004000s ]
SQL: SELECT COUNT(*) AS tp_count FROM `user` WHERE ( `username` = 'dasds' ) LIMIT 1   [ RunTime:0.000000s ]

[ 2016-12-24T20:22:34+08:00 ] 0.0.0.0 /Blog/home.php/Register/docheck?username=dasds
INFO: [ app_begin ] --START--
INFO: Run ReadHtmlCache Behavior [ RunTime:0.001000s ]
INFO: [ app_begin ] --END-- [ RunTime:0.001000s ]
SQL: SHOW COLUMNS FROM `user` [ RunTime:0.003000s ]
SQL: SELECT COUNT(*) AS tp_count FROM `user` WHERE ( `username` = 'dasds' ) LIMIT 1   [ RunTime:0.001000s ]

[ 2016-12-24T20:23:30+08:00 ] 0.0.0.0 /Blog/home.php/Register/docheck?username=
INFO: [ app_begin ] --START--
INFO: Run ReadHtmlCache Behavior [ RunTime:0.001000s ]
INFO: [ app_begin ] --END-- [ RunTime:0.001000s ]
SQL: SHOW COLUMNS FROM `user` [ RunTime:0.003000s ]
SQL: SELECT COUNT(*) AS tp_count FROM `user` WHERE ( `username` = '' ) LIMIT 1   [ RunTime:0.000000s ]

[ 2016-12-24T20:24:20+08:00 ] 0.0.0.0 /Blog/home.php/Register/docheck?username=
INFO: [ app_begin ] --START--
INFO: Run ReadHtmlCache Behavior [ RunTime:0.000000s ]
INFO: [ app_begin ] --END-- [ RunTime:0.000000s ]
SQL: SHOW COLUMNS FROM `user` [ RunTime:0.003000s ]
SQL: SELECT COUNT(*) AS tp_count FROM `user` WHERE ( `username` = '' ) LIMIT 1   [ RunTime:0.001000s ]

[ 2016-12-24T20:24:22+08:00 ] 0.0.0.0 /Blog/home.php/Register/docheck?username=
INFO: [ app_begin ] --START--
INFO: Run ReadHtmlCache Behavior [ RunTime:0.001000s ]
INFO: [ app_begin ] --END-- [ RunTime:0.001000s ]
SQL: SHOW COLUMNS FROM `user` [ RunTime:0.005000s ]
SQL: SELECT COUNT(*) AS tp_count FROM `user` WHERE ( `username` = '' ) LIMIT 1   [ RunTime:0.000000s ]

[ 2016-12-24T20:39:03+08:00 ] 0.0.0.0 /Blog/home.php/Register/docheck?username=
INFO: [ app_begin ] --START--
INFO: Run ReadHtmlCache Behavior [ RunTime:0.000000s ]
INFO: [ app_begin ] --END-- [ RunTime:0.000000s ]
SQL: SHOW COLUMNS FROM `user` [ RunTime:0.005000s ]
SQL: SELECT COUNT(*) AS tp_count FROM `user` WHERE ( `username` = '' ) LIMIT 1   [ RunTime:0.001000s ]

[ 2016-12-24T20:40:10+08:00 ] 0.0.0.0 /Blog/home.php/Register/docheck?username=
INFO: [ app_begin ] --START--
INFO: Run ReadHtmlCache Behavior [ RunTime:0.000000s ]
INFO: [ app_begin ] --END-- [ RunTime:0.000000s ]
SQL: SHOW COLUMNS FROM `user` [ RunTime:0.003000s ]
SQL: SELECT COUNT(*) AS tp_count FROM `user` WHERE ( `username` = '' ) LIMIT 1   [ RunTime:0.000000s ]

[ 2016-12-24T20:41:15+08:00 ] 0.0.0.0 /Blog/home.php/Register/docheck?username=
INFO: [ app_begin ] --START--
INFO: Run ReadHtmlCache Behavior [ RunTime:0.001000s ]
INFO: [ app_begin ] --END-- [ RunTime:0.001000s ]
SQL: SHOW COLUMNS FROM `user` [ RunTime:0.003000s ]
SQL: SELECT COUNT(*) AS tp_count FROM `user` WHERE ( `username` = '' ) LIMIT 1   [ RunTime:0.001000s ]

[ 2016-12-24T20:42:42+08:00 ] 0.0.0.0 /Blog/home.php/Register/docheck?username=
INFO: [ app_begin ] --START--
INFO: Run ReadHtmlCache Behavior [ RunTime:0.001000s ]
INFO: [ app_begin ] --END-- [ RunTime:0.001000s ]
SQL: SHOW COLUMNS FROM `user` [ RunTime:0.003000s ]
SQL: SELECT COUNT(*) AS tp_count FROM `user` WHERE ( `username` = '' ) LIMIT 1   [ RunTime:0.001001s ]

[ 2016-12-24T20:43:02+08:00 ] 0.0.0.0 /Blog/home.php/Register/docheck?username=
INFO: [ app_begin ] --START--
INFO: Run ReadHtmlCache Behavior [ RunTime:0.001000s ]
INFO: [ app_begin ] --END-- [ RunTime:0.001000s ]
SQL: SHOW COLUMNS FROM `user` [ RunTime:0.003000s ]
SQL: SELECT COUNT(*) AS tp_count FROM `user` WHERE ( `username` = '' ) LIMIT 1   [ RunTime:0.000000s ]

[ 2016-12-24T20:43:16+08:00 ] 0.0.0.0 /Blog/home.php/Register/docheck?username=
INFO: [ app_begin ] --START--
INFO: Run ReadHtmlCache Behavior [ RunTime:0.001000s ]
INFO: [ app_begin ] --END-- [ RunTime:0.001000s ]
SQL: SHOW COLUMNS FROM `user` [ RunTime:0.003000s ]
SQL: SELECT COUNT(*) AS tp_count FROM `user` WHERE ( `username` = '' ) LIMIT 1   [ RunTime:0.000000s ]

[ 2016-12-24T20:43:27+08:00 ] 0.0.0.0 /Blog/home.php/Register/docheck?username=
INFO: [ app_begin ] --START--
INFO: Run ReadHtmlCache Behavior [ RunTime:0.000000s ]
INFO: [ app_begin ] --END-- [ RunTime:0.001000s ]
SQL: SHOW COLUMNS FROM `user` [ RunTime:0.004001s ]
SQL: SELECT COUNT(*) AS tp_count FROM `user` WHERE ( `username` = '' ) LIMIT 1   [ RunTime:0.000000s ]

[ 2016-12-24T20:43:53+08:00 ] 0.0.0.0 /Blog/home.php/Register/docheck?username=
INFO: [ app_begin ] --START--
INFO: Run ReadHtmlCache Behavior [ RunTime:0.000000s ]
INFO: [ app_begin ] --END-- [ RunTime:0.001000s ]
SQL: SHOW COLUMNS FROM `user` [ RunTime:0.016001s ]
SQL: SELECT COUNT(*) AS tp_count FROM `user` WHERE ( `username` = '' ) LIMIT 1   [ RunTime:0.000000s ]

[ 2016-12-24T20:46:15+08:00 ] 0.0.0.0 /Blog/home.php/Register/docheck?username=
INFO: [ app_begin ] --START--
INFO: Run ReadHtmlCache Behavior [ RunTime:0.001000s ]
INFO: [ app_begin ] --END-- [ RunTime:0.001000s ]
SQL: SHOW COLUMNS FROM `user` [ RunTime:0.003001s ]
SQL: SELECT COUNT(*) AS tp_count FROM `user` WHERE ( `username` = '' ) LIMIT 1   [ RunTime:0.001000s ]

[ 2016-12-24T20:47:48+08:00 ] 0.0.0.0 /Blog/home.php/Register/docheck?username=%E5%A4%A7%E5%BC%BA
INFO: [ app_begin ] --START--
INFO: Run ReadHtmlCache Behavior [ RunTime:0.001000s ]
INFO: [ app_begin ] --END-- [ RunTime:0.001000s ]
SQL: SHOW COLUMNS FROM `user` [ RunTime:0.004000s ]
SQL: SELECT COUNT(*) AS tp_count FROM `user` WHERE ( `username` = '大强' ) LIMIT 1   [ RunTime:0.000000s ]

[ 2016-12-24T20:49:55+08:00 ] 0.0.0.0 /Blog/home.php/Register/docheck?username=11111
INFO: [ app_begin ] --START--
INFO: Run ReadHtmlCache Behavior [ RunTime:0.000000s ]
INFO: [ app_begin ] --END-- [ RunTime:0.001000s ]
SQL: SHOW COLUMNS FROM `user` [ RunTime:0.004001s ]
SQL: SELECT COUNT(*) AS tp_count FROM `user` WHERE ( `username` = '11111' ) LIMIT 1   [ RunTime:0.000000s ]

[ 2016-12-24T20:50:35+08:00 ] 0.0.0.0 /Blog/home.php/Register/docheck?username=11111
INFO: [ app_begin ] --START--
INFO: Run ReadHtmlCache Behavior [ RunTime:0.002000s ]
INFO: [ app_begin ] --END-- [ RunTime:0.002000s ]
SQL: SHOW COLUMNS FROM `user` [ RunTime:0.004000s ]
SQL: SELECT COUNT(*) AS tp_count FROM `user` WHERE ( `username` = '11111' ) LIMIT 1   [ RunTime:0.000000s ]

[ 2016-12-24T20:56:38+08:00 ] 0.0.0.0 /Blog/home.php/Register/docheck?username=%E5%A4%A7%E5%BC%BA
INFO: [ app_begin ] --START--
INFO: Run ReadHtmlCache Behavior [ RunTime:0.001000s ]
INFO: [ app_begin ] --END-- [ RunTime:0.001000s ]
SQL: SHOW COLUMNS FROM `user` [ RunTime:0.005000s ]
SQL: SELECT COUNT(*) AS tp_count FROM `user` WHERE ( `username` = '大强' ) LIMIT 1   [ RunTime:0.000000s ]

[ 2016-12-24T20:58:46+08:00 ] 0.0.0.0 /Blog/home.php/Register/docheck?username=%E5%A4%A7%E5%BC%BA
INFO: [ app_begin ] --START--
INFO: Run ReadHtmlCache Behavior [ RunTime:0.001000s ]
INFO: [ app_begin ] --END-- [ RunTime:0.001000s ]
SQL: SHOW COLUMNS FROM `user` [ RunTime:0.006000s ]
SQL: SELECT COUNT(*) AS tp_count FROM `user` WHERE ( `username` = '大强' ) LIMIT 1   [ RunTime:0.003001s ]

[ 2016-12-24T21:09:18+08:00 ] 0.0.0.0 /Blog/home.php/Register/docheck?username=
INFO: [ app_begin ] --START--
INFO: Run ReadHtmlCache Behavior [ RunTime:0.001000s ]
INFO: [ app_begin ] --END-- [ RunTime:0.001000s ]
SQL: SHOW COLUMNS FROM `user` [ RunTime:0.003000s ]
SQL: SELECT COUNT(*) AS tp_count FROM `user` WHERE ( `username` = '' ) LIMIT 1   [ RunTime:0.000000s ]

[ 2016-12-24T21:12:15+08:00 ] 0.0.0.0 /Blog/home.php/Register/docheck?username=
INFO: [ app_begin ] --START--
INFO: Run ReadHtmlCache Behavior [ RunTime:0.001000s ]
INFO: [ app_begin ] --END-- [ RunTime:0.001000s ]
SQL: SHOW COLUMNS FROM `user` [ RunTime:0.003000s ]
SQL: SELECT COUNT(*) AS tp_count FROM `user` WHERE ( `username` = '' ) LIMIT 1   [ RunTime:0.000000s ]

[ 2016-12-24T21:14:53+08:00 ] 0.0.0.0 /Blog/home.php/Register/docheck?username=
INFO: [ app_begin ] --START--
INFO: Run ReadHtmlCache Behavior [ RunTime:0.001000s ]
INFO: [ app_begin ] --END-- [ RunTime:0.001000s ]
SQL: SHOW COLUMNS FROM `user` [ RunTime:0.004000s ]
SQL: SELECT COUNT(*) AS tp_count FROM `user` WHERE ( `username` = '' ) LIMIT 1   [ RunTime:0.000000s ]

[ 2016-12-24T21:16:47+08:00 ] 0.0.0.0 /Blog/home.php/Register/docheck?username=
INFO: [ app_begin ] --START--
INFO: Run ReadHtmlCache Behavior [ RunTime:0.001000s ]
INFO: [ app_begin ] --END-- [ RunTime:0.001000s ]
SQL: SHOW COLUMNS FROM `user` [ RunTime:0.004000s ]
SQL: SELECT COUNT(*) AS tp_count FROM `user` WHERE ( `username` = '' ) LIMIT 1   [ RunTime:0.000000s ]

[ 2016-12-24T21:16:48+08:00 ] 0.0.0.0 /Blog/home.php/Register/docheck?username=
INFO: [ app_begin ] --START--
INFO: Run ReadHtmlCache Behavior [ RunTime:0.001000s ]
INFO: [ app_begin ] --END-- [ RunTime:0.001000s ]
SQL: SHOW COLUMNS FROM `user` [ RunTime:0.003000s ]
SQL: SELECT COUNT(*) AS tp_count FROM `user` WHERE ( `username` = '' ) LIMIT 1   [ RunTime:0.000000s ]

