[ 2016-12-25T15:46:22+08:00 ] ERR: (ThinkException) 非法操作:__AAP__
[ 2016-12-25T16:39:17+08:00 ] ERR: (ThinkException) 非法操作:css
[ 2016-12-25T16:39:17+08:00 ] ERR: (ThinkException) 非法操作:css
[ 2016-12-25T16:39:17+08:00 ] ERR: (ThinkException) 非法操作:css
[ 2016-12-25T16:39:17+08:00 ] ERR: (ThinkException) 非法操作:css
[ 2016-12-25T16:39:21+08:00 ] ERR: (ThinkException) 非法操作:css
[ 2016-12-25T16:39:21+08:00 ] ERR: (ThinkException) 非法操作:css
[ 2016-12-25T16:39:21+08:00 ] ERR: (ThinkException) 非法操作:css
[ 2016-12-25T16:39:21+08:00 ] ERR: (ThinkException) 非法操作:css
[ 2016-12-25T18:07:15+08:00 ] 0.0.0.0 /Blog/home.php/Register/docheck?username=
INFO: [ app_begin ] --START--
INFO: Run ReadHtmlCache Behavior [ RunTime:0.001000s ]
INFO: [ app_begin ] --END-- [ RunTime:0.001000s ]
SQL: SHOW COLUMNS FROM `user` [ RunTime:0.011000s ]
SQL: SELECT COUNT(*) AS tp_count FROM `user` WHERE ( `username` = '' ) LIMIT 1   [ RunTime:0.018001s ]

[ 2016-12-25T18:07:29+08:00 ] 0.0.0.0 /Blog/home.php/Register/docheck?username=
INFO: [ app_begin ] --START--
INFO: Run ReadHtmlCache Behavior [ RunTime:0.001000s ]
INFO: [ app_begin ] --END-- [ RunTime:0.001000s ]
SQL: SHOW COLUMNS FROM `user` [ RunTime:0.006001s ]
SQL: SELECT COUNT(*) AS tp_count FROM `user` WHERE ( `username` = '' ) LIMIT 1   [ RunTime:0.000000s ]

[ 2016-12-25T18:07:33+08:00 ] ERR: (ThinkException) 非法操作:my
[ 2016-12-25T22:20:50+08:00 ] ERR: (ThinkException) 非法操作:my
[ 2016-12-25T22:22:23+08:00 ] ERR: (ThinkException) 非法操作:my
