[ 2017-01-19T14:03:20+08:00 ] 0.0.0.0 /Blog/home.php/Register/docheck?username=
INFO: [ app_begin ] --START--
INFO: Run ReadHtmlCache Behavior [ RunTime:0.000000s ]
INFO: [ app_begin ] --END-- [ RunTime:0.000000s ]
SQL: SHOW COLUMNS FROM `samlluser` [ RunTime:0.419024s ]
SQL: SELECT COUNT(*) AS tp_count FROM `samlluser` WHERE ( `username` = '' ) LIMIT 1   [ RunTime:0.001000s ]

[ 2017-01-19T14:03:22+08:00 ] 0.0.0.0 /Blog/home.php/Register/docheck?username=
INFO: [ app_begin ] --START--
INFO: Run ReadHtmlCache Behavior [ RunTime:0.000000s ]
INFO: [ app_begin ] --END-- [ RunTime:0.000000s ]
SQL: SHOW COLUMNS FROM `samlluser` [ RunTime:0.056003s ]
SQL: SELECT COUNT(*) AS tp_count FROM `samlluser` WHERE ( `username` = '' ) LIMIT 1   [ RunTime:0.001000s ]

[ 2017-01-19T14:03:25+08:00 ] 0.0.0.0 /Blog/home.php/Register/docheck?username=asd
INFO: [ app_begin ] --START--
INFO: Run ReadHtmlCache Behavior [ RunTime:0.000000s ]
INFO: [ app_begin ] --END-- [ RunTime:0.000000s ]
SQL: SHOW COLUMNS FROM `samlluser` [ RunTime:0.005001s ]
SQL: SELECT COUNT(*) AS tp_count FROM `samlluser` WHERE ( `username` = 'asd' ) LIMIT 1   [ RunTime:0.000000s ]

[ 2017-01-19T14:04:00+08:00 ] 0.0.0.0 /Blog/home.php/Register/docheck?username=samll
INFO: [ app_begin ] --START--
INFO: Run ReadHtmlCache Behavior [ RunTime:0.001000s ]
INFO: [ app_begin ] --END-- [ RunTime:0.001000s ]
SQL: SHOW COLUMNS FROM `samlluser` [ RunTime:0.003000s ]
SQL: SELECT COUNT(*) AS tp_count FROM `samlluser` WHERE ( `username` = 'samll' ) LIMIT 1   [ RunTime:0.002000s ]

[ 2017-01-19T14:11:01+08:00 ] 0.0.0.0 /Blog/home.php/Register/docheck?username=samll
INFO: [ app_begin ] --START--
INFO: Run ReadHtmlCache Behavior [ RunTime:0.001000s ]
INFO: [ app_begin ] --END-- [ RunTime:0.001000s ]
SQL: SHOW COLUMNS FROM `samlluser` [ RunTime:0.006000s ]
SQL: SELECT COUNT(*) AS tp_count FROM `samlluser` WHERE ( `username` = 'samll' ) LIMIT 1   [ RunTime:0.000000s ]

[ 2017-01-19T14:11:07+08:00 ] 0.0.0.0 /Blog/home.php/Register/docheck?username=123
INFO: [ app_begin ] --START--
INFO: Run ReadHtmlCache Behavior [ RunTime:0.001000s ]
INFO: [ app_begin ] --END-- [ RunTime:0.001000s ]
SQL: SHOW COLUMNS FROM `samlluser` [ RunTime:0.003000s ]
SQL: SELECT COUNT(*) AS tp_count FROM `samlluser` WHERE ( `username` = '123' ) LIMIT 1   [ RunTime:0.000000s ]

[ 2017-01-19T14:11:24+08:00 ] 0.0.0.0 /Blog/home.php/Register/docheck?username=samlljw
INFO: [ app_begin ] --START--
INFO: Run ReadHtmlCache Behavior [ RunTime:0.001000s ]
INFO: [ app_begin ] --END-- [ RunTime:0.001000s ]
SQL: SHOW COLUMNS FROM `samlluser` [ RunTime:0.005000s ]
SQL: SELECT COUNT(*) AS tp_count FROM `samlluser` WHERE ( `username` = 'samlljw' ) LIMIT 1   [ RunTime:0.000000s ]

