[ 2017-01-03T11:29:23+08:00 ] 0.0.0.0 /Blog/home.php/Register/docheck?username=%E8%BF%99%E6%98%AF%E6%88%91%E5%A4%A7%E5%8F%B7
INFO: [ app_begin ] --START--
INFO: Run ReadHtmlCache Behavior [ RunTime:0.001001s ]
INFO: [ app_begin ] --END-- [ RunTime:0.001001s ]
SQL: SHOW COLUMNS FROM `user` [ RunTime:0.004000s ]
SQL: SELECT COUNT(*) AS tp_count FROM `user` WHERE ( `username` = 'ËøôÊòØÊàëÂ§ßÂè\∑' ) LIMIT 1   [ RunTime:0.002000s ]

[ 2017-01-03T11:31:03+08:00 ] 0.0.0.0 /Blog/home.php/Register/docheck?username=%E8%BF%99%E6%98%AF%E6%88%91%E5%A4%A7%E5%8F%B7
INFO: [ app_begin ] --START--
INFO: Run ReadHtmlCache Behavior [ RunTime:0.001000s ]
INFO: [ app_begin ] --END-- [ RunTime:0.001000s ]
SQL: SHOW COLUMNS FROM `user` [ RunTime:0.005000s ]
SQL: SELECT COUNT(*) AS tp_count FROM `user` WHERE ( `username` = 'ËøôÊòØÊàëÂ§ßÂè\∑' ) LIMIT 1   [ RunTime:0.000000s ]

[ 2017-01-03T11:33:13+08:00 ] 0.0.0.0 /Blog/home.php/Register/docheck?username=
INFO: [ app_begin ] --START--
INFO: Run ReadHtmlCache Behavior [ RunTime:0.002001s ]
INFO: [ app_begin ] --END-- [ RunTime:0.002001s ]
SQL: SHOW COLUMNS FROM `user` [ RunTime:0.008000s ]
SQL: SELECT COUNT(*) AS tp_count FROM `user` WHERE ( `username` = '' ) LIMIT 1   [ RunTime:0.000000s ]

[ 2017-01-03T11:38:18+08:00 ] 0.0.0.0 /Blog/home.php/Register/docheck?username=11132132131
INFO: [ app_begin ] --START--
INFO: Run ReadHtmlCache Behavior [ RunTime:0.000000s ]
INFO: [ app_begin ] --END-- [ RunTime:0.001000s ]
SQL: SHOW COLUMNS FROM `user` [ RunTime:0.004001s ]
SQL: SELECT COUNT(*) AS tp_count FROM `user` WHERE ( `username` = '11132132131' ) LIMIT 1   [ RunTime:0.000000s ]

[ 2017-01-03T11:42:22+08:00 ] 0.0.0.0 /Blog/home.php/Register/docheck?username=111111112.123123
INFO: [ app_begin ] --START--
INFO: Run ReadHtmlCache Behavior [ RunTime:0.002000s ]
INFO: [ app_begin ] --END-- [ RunTime:0.002000s ]
SQL: SHOW COLUMNS FROM `user` [ RunTime:0.004000s ]
SQL: SELECT COUNT(*) AS tp_count FROM `user` WHERE ( `username` = '111111112.123123' ) LIMIT 1   [ RunTime:0.001000s ]

[ 2017-01-03T11:42:47+08:00 ] 0.0.0.0 /Blog/home.php/Register/docheck?username=
INFO: [ app_begin ] --START--
INFO: Run ReadHtmlCache Behavior [ RunTime:0.001000s ]
INFO: [ app_begin ] --END-- [ RunTime:0.001000s ]
SQL: SHOW COLUMNS FROM `user` [ RunTime:0.004000s ]
SQL: SELECT COUNT(*) AS tp_count FROM `user` WHERE ( `username` = '' ) LIMIT 1   [ RunTime:0.000000s ]

[ 2017-01-03T11:44:08+08:00 ] 0.0.0.0 /Blog/home.php/Register/docheck?username=
INFO: [ app_begin ] --START--
INFO: Run ReadHtmlCache Behavior [ RunTime:0.001000s ]
INFO: [ app_begin ] --END-- [ RunTime:0.001000s ]
SQL: SHOW COLUMNS FROM `user` [ RunTime:0.004000s ]
SQL: SELECT COUNT(*) AS tp_count FROM `user` WHERE ( `username` = '' ) LIMIT 1   [ RunTime:0.000000s ]

[ 2017-01-03T11:44:23+08:00 ] 0.0.0.0 /Blog/home.php/Register/docheck?username=
INFO: [ app_begin ] --START--
INFO: Run ReadHtmlCache Behavior [ RunTime:0.002000s ]
INFO: [ app_begin ] --END-- [ RunTime:0.002000s ]
SQL: SHOW COLUMNS FROM `user` [ RunTime:0.006000s ]
SQL: SELECT COUNT(*) AS tp_count FROM `user` WHERE ( `username` = '' ) LIMIT 1   [ RunTime:0.001000s ]

[ 2017-01-03T11:55:40+08:00 ] 0.0.0.0 /Blog/home.php/Register/docheck?username=
INFO: [ app_begin ] --START--
INFO: Run ReadHtmlCache Behavior [ RunTime:0.002001s ]
INFO: [ app_begin ] --END-- [ RunTime:0.002001s ]
SQL: SHOW COLUMNS FROM `user` [ RunTime:0.022001s ]
SQL: SELECT COUNT(*) AS tp_count FROM `user` WHERE ( `username` = '' ) LIMIT 1   [ RunTime:0.000000s ]

[ 2017-01-03T11:55:57+08:00 ] 0.0.0.0 /Blog/home.php/Register/docheck?username=
INFO: [ app_begin ] --START--
INFO: Run ReadHtmlCache Behavior [ RunTime:0.001000s ]
INFO: [ app_begin ] --END-- [ RunTime:0.001000s ]
SQL: SHOW COLUMNS FROM `user` [ RunTime:0.006001s ]
SQL: SELECT COUNT(*) AS tp_count FROM `user` WHERE ( `username` = '' ) LIMIT 1   [ RunTime:0.000000s ]

[ 2017-01-03T11:56:01+08:00 ] 0.0.0.0 /Blog/home.php/Register/docheck?username=
INFO: [ app_begin ] --START--
INFO: Run ReadHtmlCache Behavior [ RunTime:0.001000s ]
INFO: [ app_begin ] --END-- [ RunTime:0.001000s ]
SQL: SHOW COLUMNS FROM `user` [ RunTime:0.004001s ]
SQL: SELECT COUNT(*) AS tp_count FROM `user` WHERE ( `username` = '' ) LIMIT 1   [ RunTime:0.001000s ]

[ 2017-01-03T11:56:06+08:00 ] 0.0.0.0 /Blog/home.php/Register/docheck?username=
INFO: [ app_begin ] --START--
INFO: Run ReadHtmlCache Behavior [ RunTime:0.001000s ]
INFO: [ app_begin ] --END-- [ RunTime:0.001000s ]
SQL: SHOW COLUMNS FROM `user` [ RunTime:0.007001s ]
SQL: SELECT COUNT(*) AS tp_count FROM `user` WHERE ( `username` = '' ) LIMIT 1   [ RunTime:0.002000s ]

[ 2017-01-03T11:56:10+08:00 ] 0.0.0.0 /Blog/home.php/Register/docheck?username=
INFO: [ app_begin ] --START--
INFO: Run ReadHtmlCache Behavior [ RunTime:0.002000s ]
INFO: [ app_begin ] --END-- [ RunTime:0.002000s ]
SQL: SHOW COLUMNS FROM `user` [ RunTime:0.004000s ]
SQL: SELECT COUNT(*) AS tp_count FROM `user` WHERE ( `username` = '' ) LIMIT 1   [ RunTime:0.001000s ]

[ 2017-01-03T11:56:15+08:00 ] 0.0.0.0 /Blog/home.php/Register/docheck?username=
INFO: [ app_begin ] --START--
INFO: Run ReadHtmlCache Behavior [ RunTime:0.001000s ]
INFO: [ app_begin ] --END-- [ RunTime:0.001000s ]
SQL: SHOW COLUMNS FROM `user` [ RunTime:0.005000s ]
SQL: SELECT COUNT(*) AS tp_count FROM `user` WHERE ( `username` = '' ) LIMIT 1   [ RunTime:0.001000s ]

[ 2017-01-03T11:56:25+08:00 ] 0.0.0.0 /Blog/home.php/Register/docheck?username=
INFO: [ app_begin ] --START--
INFO: Run ReadHtmlCache Behavior [ RunTime:0.001000s ]
INFO: [ app_begin ] --END-- [ RunTime:0.001000s ]
SQL: SHOW COLUMNS FROM `user` [ RunTime:0.004000s ]
SQL: SELECT COUNT(*) AS tp_count FROM `user` WHERE ( `username` = '' ) LIMIT 1   [ RunTime:0.001000s ]

[ 2017-01-03T11:56:46+08:00 ] 0.0.0.0 /Blog/home.php/Register/docheck?username=
INFO: [ app_begin ] --START--
INFO: Run ReadHtmlCache Behavior [ RunTime:0.003000s ]
INFO: [ app_begin ] --END-- [ RunTime:0.003000s ]
SQL: SHOW COLUMNS FROM `user` [ RunTime:0.004001s ]
SQL: SELECT COUNT(*) AS tp_count FROM `user` WHERE ( `username` = '' ) LIMIT 1   [ RunTime:0.000000s ]

[ 2017-01-03T11:56:49+08:00 ] 0.0.0.0 /Blog/home.php/Register/docheck?username=
INFO: [ app_begin ] --START--
INFO: Run ReadHtmlCache Behavior [ RunTime:0.001000s ]
INFO: [ app_begin ] --END-- [ RunTime:0.001000s ]
SQL: SHOW COLUMNS FROM `user` [ RunTime:0.008001s ]
SQL: SELECT COUNT(*) AS tp_count FROM `user` WHERE ( `username` = '' ) LIMIT 1   [ RunTime:0.000000s ]

[ 2017-01-03T13:30:22+08:00 ] ERR: (ThinkException) ÈùûÊ≥ïÊìç‰Ωú:images
[ 2017-01-03T13:30:22+08:00 ] ERR: (ThinkException) ÈùûÊ≥ïÊìç‰Ωú:images
