[ 2017-01-05T11:13:47+08:00 ] 0.0.0.0 /Blog/home.php/Register/docheck?username=samll
INFO: [ app_begin ] --START--
INFO: Run ReadHtmlCache Behavior [ RunTime:0.001000s ]
INFO: [ app_begin ] --END-- [ RunTime:0.001000s ]
SQL: SHOW COLUMNS FROM `samlluser` [ RunTime:0.005000s ]
SQL: SELECT COUNT(*) AS tp_count FROM `samlluser` WHERE ( `username` = 'samll' ) LIMIT 1   [ RunTime:0.000000s ]

[ 2017-01-05T11:15:21+08:00 ] 0.0.0.0 /Blog/home.php/Register/docheck?username=samll
INFO: [ app_begin ] --START--
INFO: Run ReadHtmlCache Behavior [ RunTime:0.001000s ]
INFO: [ app_begin ] --END-- [ RunTime:0.001000s ]
SQL: SHOW COLUMNS FROM `samlluser` [ RunTime:0.004000s ]
SQL: SELECT COUNT(*) AS tp_count FROM `samlluser` WHERE ( `username` = 'samll' ) LIMIT 1   [ RunTime:0.000000s ]

[ 2017-01-05T11:15:25+08:00 ] 0.0.0.0 /Blog/home.php/Register/docheck?username=samlljw
INFO: [ app_begin ] --START--
INFO: Run ReadHtmlCache Behavior [ RunTime:0.001000s ]
INFO: [ app_begin ] --END-- [ RunTime:0.001000s ]
SQL: SHOW COLUMNS FROM `samlluser` [ RunTime:0.004000s ]
SQL: SELECT COUNT(*) AS tp_count FROM `samlluser` WHERE ( `username` = 'samlljw' ) LIMIT 1   [ RunTime:0.000000s ]

[ 2017-01-05T11:15:58+08:00 ] 0.0.0.0 /Blog/home.php/Register/docheck?username=samlljj
INFO: [ app_begin ] --START--
INFO: Run ReadHtmlCache Behavior [ RunTime:0.002000s ]
INFO: [ app_begin ] --END-- [ RunTime:0.002000s ]
SQL: SHOW COLUMNS FROM `samlluser` [ RunTime:0.004000s ]
SQL: SELECT COUNT(*) AS tp_count FROM `samlluser` WHERE ( `username` = 'samlljj' ) LIMIT 1   [ RunTime:0.035002s ]

[ 2017-01-05T11:37:37+08:00 ] 0.0.0.0 /Blog/home.php/Comment/dorm?cid=105
INFO: [ app_begin ] --START--
INFO: Run ReadHtmlCache Behavior [ RunTime:0.001000s ]
INFO: [ app_begin ] --END-- [ RunTime:0.001000s ]
SQL: SHOW COLUMNS FROM `comment` [ RunTime:0.004000s ]
SQL: UPDATE `comment` SET `status`=0 WHERE ( id=105 ) [ RunTime:0.089006s ]

